Using pre-set license
Built from '2022.3/release' branch; Version is '2022.3.20f1 (61c2feb0970d) revision 6406910'; Using compiler version '192829333'; Build Type 'Release'
OS: 'Windows 11  (10.0.22631) 64bit CoreSingleLanguage' Language: 'pt' Physical Memory: 7530 MB
BatchMode: 1, IsHumanControllingUs: 0, StartBugReporterOnCrash: 0, Is64bit: 1, IsPro: 1

COMMAND LINE ARGUMENTS:
C:\Program Files\Unity\Hub\Editor\2022.3.20f1\Editor\Unity.exe
-adb2
-batchMode
-noUpm
-name
AssetImportWorker1
-projectPath
C:/Users/alice/Downloads/IBtree
-logFile
Logs/AssetImportWorker1.log
-srvPort
54755
Successfully changed project path to: C:/Users/alice/Downloads/IBtree
C:/Users/alice/Downloads/IBtree
[UnityMemory] Configuration Parameters - Can be set up in boot.config
    "memorysetup-bucket-allocator-granularity=16"
    "memorysetup-bucket-allocator-bucket-count=8"
    "memorysetup-bucket-allocator-block-size=33554432"
    "memorysetup-bucket-allocator-block-count=8"
    "memorysetup-main-allocator-block-size=16777216"
    "memorysetup-thread-allocator-block-size=16777216"
    "memorysetup-gfx-main-allocator-block-size=16777216"
    "memorysetup-gfx-thread-allocator-block-size=16777216"
    "memorysetup-cache-allocator-block-size=4194304"
    "memorysetup-typetree-allocator-block-size=2097152"
    "memorysetup-profiler-bucket-allocator-granularity=16"
    "memorysetup-profiler-bucket-allocator-bucket-count=8"
    "memorysetup-profiler-bucket-allocator-block-size=33554432"
    "memorysetup-profiler-bucket-allocator-block-count=8"
    "memorysetup-profiler-allocator-block-size=16777216"
    "memorysetup-profiler-editor-allocator-block-size=1048576"
    "memorysetup-temp-allocator-size-main=16777216"
    "memorysetup-job-temp-allocator-block-size=2097152"
    "memorysetup-job-temp-allocator-block-size-background=1048576"
    "memorysetup-job-temp-allocator-reduction-small-platforms=262144"
    "memorysetup-allocator-temp-initial-block-size-main=262144"
    "memorysetup-allocator-temp-initial-block-size-worker=262144"
    "memorysetup-temp-allocator-size-background-worker=32768"
    "memorysetup-temp-allocator-size-job-worker=262144"
    "memorysetup-temp-allocator-size-preload-manager=33554432"
    "memorysetup-temp-allocator-size-nav-mesh-worker=65536"
    "memorysetup-temp-allocator-size-audio-worker=65536"
    "memorysetup-temp-allocator-size-cloud-worker=32768"
    "memorysetup-temp-allocator-size-gi-baking-worker=262144"
    "memorysetup-temp-allocator-size-gfx=262144"
Player connection [12976] Host "[IP] 10.51.71.105 [Port] 0 [Flags] 2 [Guid] 380231254 [EditorId] 380231254 [Version] 1048832 [Id] WindowsEditor(7,LAPTOP-56H0T7MR) [Debug] 1 [PackageName] WindowsEditor [ProjectName] Editor" joined multi-casting on [225.0.0.222:54997]...

Player connection [12976] Host "[IP] 10.51.71.105 [Port] 0 [Flags] 2 [Guid] 380231254 [EditorId] 380231254 [Version] 1048832 [Id] WindowsEditor(7,LAPTOP-56H0T7MR) [Debug] 1 [PackageName] WindowsEditor [ProjectName] Editor" joined alternative multi-casting on [225.0.0.222:34997]...

[Physics::Module] Initialized MultithreadedJobDispatcher with 15 workers.
Refreshing native plugins compatible for Editor in 40.50 ms, found 4 plugins.
Preloading 0 native plugins for Editor in 0.00 ms.
Initialize engine version: 2022.3.20f1 (61c2feb0970d)
[Subsystems] Discovering subsystems at path C:/Program Files/Unity/Hub/Editor/2022.3.20f1/Editor/Data/Resources/UnitySubsystems
[Subsystems] Discovering subsystems at path C:/Users/alice/Downloads/IBtree/Assets
GfxDevice: creating device client; threaded=0; jobified=0
Direct3D:
    Version:  Direct3D 11.0 [level 11.1]
    Renderer: AMD Radeon(TM) Graphics (ID=0x164c)
    Vendor:   ATI
    VRAM:     3765 MB
    Driver:   31.0.21921.1000
Initialize mono
Mono path[0] = 'C:/Program Files/Unity/Hub/Editor/2022.3.20f1/Editor/Data/Managed'
Mono path[1] = 'C:/Program Files/Unity/Hub/Editor/2022.3.20f1/Editor/Data/MonoBleedingEdge/lib/mono/unityjit-win32'
Mono config path = 'C:/Program Files/Unity/Hub/Editor/2022.3.20f1/Editor/Data/MonoBleedingEdge/etc'
Using monoOptions --debugger-agent=transport=dt_socket,embedding=1,server=y,suspend=n,address=127.0.0.1:56224
Begin MonoManager ReloadAssembly
Registering precompiled unity dll's ...
Register platform support module: C:/Program Files/Unity/Hub/Editor/2022.3.20f1/Editor/Data/PlaybackEngines/WindowsStandaloneSupport/UnityEditor.WindowsStandalone.Extensions.dll
Registered in 0.011249 seconds.
- Loaded All Assemblies, in  0.596 seconds
Native extension for WindowsStandalone target not found
Mono: successfully reloaded assembly
- Finished resetting the current domain, in  0.384 seconds
Domain Reload Profiling: 976ms
	BeginReloadAssembly (237ms)
		ExecutionOrderSort (0ms)
		DisableScriptedObjects (0ms)
		BackupInstance (0ms)
		ReleaseScriptingObjects (0ms)
		CreateAndSetChildDomain (1ms)
	RebuildCommonClasses (53ms)
	RebuildNativeTypeToScriptingClass (18ms)
	initialDomainReloadingComplete (96ms)
	LoadAllAssembliesAndSetupDomain (188ms)
		LoadAssemblies (232ms)
		RebuildTransferFunctionScriptingTraits (0ms)
		AnalyzeDomain (186ms)
			TypeCache.Refresh (183ms)
				TypeCache.ScanAssembly (163ms)
			ScanForSourceGeneratedMonoScriptInfo (1ms)
			ResolveRequiredComponents (1ms)
	FinalizeReload (385ms)
		ReleaseScriptCaches (0ms)
		RebuildScriptCaches (0ms)
		SetupLoadedEditorAssemblies (305ms)
			LogAssemblyErrors (0ms)
			InitializePlatformSupportModulesInManaged (12ms)
			SetLoadedEditorAssemblies (10ms)
			RefreshPlugins (0ms)
			BeforeProcessingInitializeOnLoad (3ms)
			ProcessInitializeOnLoadAttributes (214ms)
			ProcessInitializeOnLoadMethodAttributes (67ms)
			AfterProcessingInitializeOnLoad (0ms)
			EditorAssembliesLoaded (0ms)
		ExecutionOrderSort2 (0ms)
		AwakeInstancesAfterBackupRestoration (0ms)
========================================================================
Worker process is ready to serve import requests
Begin MonoManager ReloadAssembly
- Loaded All Assemblies, in  1.225 seconds
Refreshing native plugins compatible for Editor in 7.01 ms, found 4 plugins.
Native extension for WindowsStandalone target not found
Package Manager log level set to [2]
[Package Manager] Server::EnsureServerProcessIsRunning -- launch failed, reason: Unity was launched with the -noUpm command-line argument
[Package Manager] UpmClient::Send -- Unable to send message (not connected to UPM process).
[Package Manager] Cannot connect to Unity Package Manager local server
Mono: successfully reloaded assembly
- Finished resetting the current domain, in  1.137 seconds
Domain Reload Profiling: 2356ms
	BeginReloadAssembly (203ms)
		ExecutionOrderSort (0ms)
		DisableScriptedObjects (6ms)
		BackupInstance (0ms)
		ReleaseScriptingObjects (0ms)
		CreateAndSetChildDomain (36ms)
	RebuildCommonClasses (43ms)
	RebuildNativeTypeToScriptingClass (13ms)
	initialDomainReloadingComplete (54ms)
	LoadAllAssembliesAndSetupDomain (905ms)
		LoadAssemblies (688ms)
		RebuildTransferFunctionScriptingTraits (0ms)
		AnalyzeDomain (327ms)
			TypeCache.Refresh (273ms)
				TypeCache.ScanAssembly (244ms)
			ScanForSourceGeneratedMonoScriptInfo (39ms)
			ResolveRequiredComponents (13ms)
	FinalizeReload (1138ms)
		ReleaseScriptCaches (0ms)
		RebuildScriptCaches (0ms)
		SetupLoadedEditorAssemblies (865ms)
			LogAssemblyErrors (0ms)
			InitializePlatformSupportModulesInManaged (8ms)
			SetLoadedEditorAssemblies (7ms)
			RefreshPlugins (0ms)
			BeforeProcessingInitializeOnLoad (115ms)
			ProcessInitializeOnLoadAttributes (613ms)
			ProcessInitializeOnLoadMethodAttributes (113ms)
			AfterProcessingInitializeOnLoad (8ms)
			EditorAssembliesLoaded (0ms)
		ExecutionOrderSort2 (0ms)
		AwakeInstancesAfterBackupRestoration (8ms)
Launched and connected shader compiler UnityShaderCompiler.exe after 0.09 seconds
Refreshing native plugins compatible for Editor in 6.80 ms, found 4 plugins.
Preloading 0 native plugins for Editor in 0.00 ms.
Unloading 5622 Unused Serialized files (Serialized files now loaded: 0)
Unloading 89 unused Assets / (0.8 MB). Loaded Objects now: 6079.
Memory consumption went from 208.0 MB to 207.3 MB.
Total: 8.242300 ms (FindLiveObjects: 1.028500 ms CreateObjectMapping: 0.751700 ms MarkObjects: 5.811400 ms  DeleteObjects: 0.648300 ms)

AssetImportParameters requested are different than current active one (requested -> active):
  custom:container-demuxer-ogg: 62fdf1f143b41e24485cea50d1cbac27 -> 
  custom:video-decoder-ogg-theora: a1e56fd34408186e4bbccfd4996cb3dc -> 
  custom:framework-win-MediaFoundation: 216162199b28c13a410421893ffa2e32 -> 
  custom:CustomObjectIndexerAttribute: 62b5816608c3102f162a1797e29626cf -> 
  custom:container-demuxer-webm: 4f35f7cbe854078d1ac9338744f61a02 -> 
  custom:container-muxer-webm: aa71ff27fc2769a1b78a27578f13a17b -> 
  custom:video-decoder-webm-vp8: 9c59270c3fd7afecdb556c50c9e8de78 -> 
  custom:SearchIndexIgnoredProperties: e643bd26f0fe6173181afceb89e7c659 -> 
  custom:AudioImporter_EditorPlatform: d09bf68614088b80899f8185d706f6e7 -> 
  custom:video-encoder-webm-vp8: eb34c28f22e8b96e1ab97ce403110664 -> 
  custom:audio-decoder-ogg-vorbis: bf7c407c2cedff20999df2af8eb42d56 -> 
  custom:audio-encoder-webm-vorbis: bf7c407c2cedff20999df2af8eb42d56 -> 
========================================================================
Received Import Request.
  Time since last request: 95477.013167 seconds.
  path: Assets/UniversalRenderPipelineGlobalSettings.asset
  artifactKey: Guid(93b439a37f63240aca3dd4e01d978a9f) Importer(815301076,1909f56bfc062723c751e8b465ee728b)
Start importing Assets/UniversalRenderPipelineGlobalSettings.asset using Guid(93b439a37f63240aca3dd4e01d978a9f) Importer(815301076,1909f56bfc062723c751e8b465ee728b)  -> (artifact id: 'f9773ae15632d8bd08cd78f0cd3174be') in 0.016391 seconds
Number of updated asset objects reloaded before import = 0
Number of asset objects unloaded after import = 1
========================================================================
Received Import Request.
  Time since last request: 0.000058 seconds.
  path: Assets/Player.prefab
  artifactKey: Guid(f22a7e2561cb0c443baf5dc2aaeebf76) Importer(815301076,1909f56bfc062723c751e8b465ee728b)
Start importing Assets/Player.prefab using Guid(f22a7e2561cb0c443baf5dc2aaeebf76) Importer(815301076,1909f56bfc062723c751e8b465ee728b)  -> (artifact id: 'e257bca3af5fd4e073750db56aad359d') in 0.150349 seconds
Number of updated asset objects reloaded before import = 0
Number of asset objects unloaded after import = 11
========================================================================
Received Prepare
Begin MonoManager ReloadAssembly
- Loaded All Assemblies, in  0.781 seconds
Refreshing native plugins compatible for Editor in 6.35 ms, found 4 plugins.
Native extension for WindowsStandalone target not found
[Package Manager] Server::EnsureServerProcessIsRunning -- launch failed, reason: Unity was launched with the -noUpm command-line argument
[Package Manager] UpmClient::Send -- Unable to send message (not connected to UPM process).
[Package Manager] Cannot connect to Unity Package Manager local server
Mono: successfully reloaded assembly
- Finished resetting the current domain, in  3.550 seconds
Domain Reload Profiling: 4327ms
	BeginReloadAssembly (284ms)
		ExecutionOrderSort (0ms)
		DisableScriptedObjects (27ms)
		BackupInstance (0ms)
		ReleaseScriptingObjects (0ms)
		CreateAndSetChildDomain (108ms)
	RebuildCommonClasses (40ms)
	RebuildNativeTypeToScriptingClass (16ms)
	initialDomainReloadingComplete (32ms)
	LoadAllAssembliesAndSetupDomain (406ms)
		LoadAssemblies (483ms)
		RebuildTransferFunctionScriptingTraits (0ms)
		AnalyzeDomain (21ms)
			TypeCache.Refresh (6ms)
				TypeCache.ScanAssembly (0ms)
			ScanForSourceGeneratedMonoScriptInfo (0ms)
			ResolveRequiredComponents (13ms)
	FinalizeReload (3550ms)
		ReleaseScriptCaches (0ms)
		RebuildScriptCaches (0ms)
		SetupLoadedEditorAssemblies (688ms)
			LogAssemblyErrors (0ms)
			InitializePlatformSupportModulesInManaged (9ms)
			SetLoadedEditorAssemblies (8ms)
			RefreshPlugins (0ms)
			BeforeProcessingInitializeOnLoad (106ms)
			ProcessInitializeOnLoadAttributes (469ms)
			ProcessInitializeOnLoadMethodAttributes (88ms)
			AfterProcessingInitializeOnLoad (9ms)
			EditorAssembliesLoaded (0ms)
		ExecutionOrderSort2 (0ms)
		AwakeInstancesAfterBackupRestoration (16ms)
Refreshing native plugins compatible for Editor in 6.12 ms, found 4 plugins.
Preloading 0 native plugins for Editor in 0.00 ms.
Unloading 5532 Unused Serialized files (Serialized files now loaded: 0)
Unloading 52 unused Assets / (0.7 MB). Loaded Objects now: 6092.
Memory consumption went from 193.3 MB to 192.5 MB.
Total: 6.843600 ms (FindLiveObjects: 0.912900 ms CreateObjectMapping: 0.603400 ms MarkObjects: 4.464800 ms  DeleteObjects: 0.857300 ms)

Prepare: number of updated asset objects reloaded= 0
AssetImportParameters requested are different than current active one (requested -> active):
  custom:container-demuxer-ogg: 62fdf1f143b41e24485cea50d1cbac27 -> 
  custom:video-decoder-ogg-theora: a1e56fd34408186e4bbccfd4996cb3dc -> 
  custom:framework-win-MediaFoundation: 216162199b28c13a410421893ffa2e32 -> 
  custom:CustomObjectIndexerAttribute: 62b5816608c3102f162a1797e29626cf -> 
  custom:container-demuxer-webm: 4f35f7cbe854078d1ac9338744f61a02 -> 
  custom:container-muxer-webm: aa71ff27fc2769a1b78a27578f13a17b -> 
  custom:video-decoder-webm-vp8: 9c59270c3fd7afecdb556c50c9e8de78 -> 
  custom:SearchIndexIgnoredProperties: e643bd26f0fe6173181afceb89e7c659 -> 
  custom:AudioImporter_EditorPlatform: d09bf68614088b80899f8185d706f6e7 -> 
  custom:video-encoder-webm-vp8: eb34c28f22e8b96e1ab97ce403110664 -> 
  custom:audio-decoder-ogg-vorbis: bf7c407c2cedff20999df2af8eb42d56 -> 
  custom:audio-encoder-webm-vorbis: bf7c407c2cedff20999df2af8eb42d56 -> 
========================================================================
Received Prepare
Begin MonoManager ReloadAssembly
- Loaded All Assemblies, in  0.567 seconds
Refreshing native plugins compatible for Editor in 4.99 ms, found 4 plugins.
Native extension for WindowsStandalone target not found
[Package Manager] Server::EnsureServerProcessIsRunning -- launch failed, reason: Unity was launched with the -noUpm command-line argument
[Package Manager] UpmClient::Send -- Unable to send message (not connected to UPM process).
[Package Manager] Cannot connect to Unity Package Manager local server
Mono: successfully reloaded assembly
- Finished resetting the current domain, in  1.746 seconds
Domain Reload Profiling: 2307ms
	BeginReloadAssembly (175ms)
		ExecutionOrderSort (0ms)
		DisableScriptedObjects (12ms)
		BackupInstance (0ms)
		ReleaseScriptingObjects (0ms)
		CreateAndSetChildDomain (44ms)
	RebuildCommonClasses (34ms)
	RebuildNativeTypeToScriptingClass (12ms)
	initialDomainReloadingComplete (33ms)
	LoadAllAssembliesAndSetupDomain (307ms)
		LoadAssemblies (374ms)
		RebuildTransferFunctionScriptingTraits (0ms)
		AnalyzeDomain (21ms)
			TypeCache.Refresh (8ms)
				TypeCache.ScanAssembly (0ms)
			ScanForSourceGeneratedMonoScriptInfo (0ms)
			ResolveRequiredComponents (11ms)
	FinalizeReload (1746ms)
		ReleaseScriptCaches (0ms)
		RebuildScriptCaches (0ms)
		SetupLoadedEditorAssemblies (669ms)
			LogAssemblyErrors (0ms)
			InitializePlatformSupportModulesInManaged (7ms)
			SetLoadedEditorAssemblies (6ms)
			RefreshPlugins (0ms)
			BeforeProcessingInitializeOnLoad (103ms)
			ProcessInitializeOnLoadAttributes (458ms)
			ProcessInitializeOnLoadMethodAttributes (84ms)
			AfterProcessingInitializeOnLoad (10ms)
			EditorAssembliesLoaded (0ms)
		ExecutionOrderSort2 (0ms)
		AwakeInstancesAfterBackupRestoration (14ms)
Refreshing native plugins compatible for Editor in 5.30 ms, found 4 plugins.
Preloading 0 native plugins for Editor in 0.00 ms.
Unloading 5532 Unused Serialized files (Serialized files now loaded: 0)
Unloading 52 unused Assets / (0.7 MB). Loaded Objects now: 6096.
Memory consumption went from 195.2 MB to 194.5 MB.
Total: 7.168600 ms (FindLiveObjects: 0.888100 ms CreateObjectMapping: 0.654200 ms MarkObjects: 5.107000 ms  DeleteObjects: 0.517200 ms)

Prepare: number of updated asset objects reloaded= 0
AssetImportParameters requested are different than current active one (requested -> active):
  custom:container-demuxer-ogg: 62fdf1f143b41e24485cea50d1cbac27 -> 
  custom:video-decoder-ogg-theora: a1e56fd34408186e4bbccfd4996cb3dc -> 
  custom:framework-win-MediaFoundation: 216162199b28c13a410421893ffa2e32 -> 
  custom:CustomObjectIndexerAttribute: 62b5816608c3102f162a1797e29626cf -> 
  custom:container-demuxer-webm: 4f35f7cbe854078d1ac9338744f61a02 -> 
  custom:container-muxer-webm: aa71ff27fc2769a1b78a27578f13a17b -> 
  custom:video-decoder-webm-vp8: 9c59270c3fd7afecdb556c50c9e8de78 -> 
  custom:SearchIndexIgnoredProperties: e643bd26f0fe6173181afceb89e7c659 -> 
  custom:AudioImporter_EditorPlatform: d09bf68614088b80899f8185d706f6e7 -> 
  custom:video-encoder-webm-vp8: eb34c28f22e8b96e1ab97ce403110664 -> 
  custom:audio-decoder-ogg-vorbis: bf7c407c2cedff20999df2af8eb42d56 -> 
  custom:audio-encoder-webm-vorbis: bf7c407c2cedff20999df2af8eb42d56 -> 
========================================================================
Received Prepare
Begin MonoManager ReloadAssembly
- Loaded All Assemblies, in  0.581 seconds
Refreshing native plugins compatible for Editor in 5.06 ms, found 4 plugins.
Native extension for WindowsStandalone target not found
[Package Manager] Server::EnsureServerProcessIsRunning -- launch failed, reason: Unity was launched with the -noUpm command-line argument
[Package Manager] UpmClient::Send -- Unable to send message (not connected to UPM process).
[Package Manager] Cannot connect to Unity Package Manager local server
Mono: successfully reloaded assembly
- Finished resetting the current domain, in  1.776 seconds
Domain Reload Profiling: 2352ms
	BeginReloadAssembly (195ms)
		ExecutionOrderSort (0ms)
		DisableScriptedObjects (11ms)
		BackupInstance (0ms)
		ReleaseScriptingObjects (0ms)
		CreateAndSetChildDomain (55ms)
	RebuildCommonClasses (36ms)
	RebuildNativeTypeToScriptingClass (13ms)
	initialDomainReloadingComplete (35ms)
	LoadAllAssembliesAndSetupDomain (296ms)
		LoadAssemblies (372ms)
		RebuildTransferFunctionScriptingTraits (0ms)
		AnalyzeDomain (19ms)
			TypeCache.Refresh (7ms)
				TypeCache.ScanAssembly (0ms)
			ScanForSourceGeneratedMonoScriptInfo (0ms)
			ResolveRequiredComponents (11ms)
	FinalizeReload (1777ms)
		ReleaseScriptCaches (0ms)
		RebuildScriptCaches (0ms)
		SetupLoadedEditorAssemblies (660ms)
			LogAssemblyErrors (0ms)
			InitializePlatformSupportModulesInManaged (7ms)
			SetLoadedEditorAssemblies (7ms)
			RefreshPlugins (0ms)
			BeforeProcessingInitializeOnLoad (105ms)
			ProcessInitializeOnLoadAttributes (453ms)
			ProcessInitializeOnLoadMethodAttributes (82ms)
			AfterProcessingInitializeOnLoad (7ms)
			EditorAssembliesLoaded (0ms)
		ExecutionOrderSort2 (0ms)
		AwakeInstancesAfterBackupRestoration (14ms)
Refreshing native plugins compatible for Editor in 5.85 ms, found 4 plugins.
Preloading 0 native plugins for Editor in 0.00 ms.
Unloading 5532 Unused Serialized files (Serialized files now loaded: 0)
Unloading 52 unused Assets / (0.7 MB). Loaded Objects now: 6100.
Memory consumption went from 197.1 MB to 196.4 MB.
Total: 7.640700 ms (FindLiveObjects: 0.949000 ms CreateObjectMapping: 0.571600 ms MarkObjects: 5.304600 ms  DeleteObjects: 0.812500 ms)

Prepare: number of updated asset objects reloaded= 0
AssetImportParameters requested are different than current active one (requested -> active):
  custom:container-demuxer-ogg: 62fdf1f143b41e24485cea50d1cbac27 -> 
  custom:video-decoder-ogg-theora: a1e56fd34408186e4bbccfd4996cb3dc -> 
  custom:framework-win-MediaFoundation: 216162199b28c13a410421893ffa2e32 -> 
  custom:CustomObjectIndexerAttribute: 62b5816608c3102f162a1797e29626cf -> 
  custom:container-demuxer-webm: 4f35f7cbe854078d1ac9338744f61a02 -> 
  custom:container-muxer-webm: aa71ff27fc2769a1b78a27578f13a17b -> 
  custom:video-decoder-webm-vp8: 9c59270c3fd7afecdb556c50c9e8de78 -> 
  custom:SearchIndexIgnoredProperties: e643bd26f0fe6173181afceb89e7c659 -> 
  custom:AudioImporter_EditorPlatform: d09bf68614088b80899f8185d706f6e7 -> 
  custom:video-encoder-webm-vp8: eb34c28f22e8b96e1ab97ce403110664 -> 
  custom:audio-decoder-ogg-vorbis: bf7c407c2cedff20999df2af8eb42d56 -> 
  custom:audio-encoder-webm-vorbis: bf7c407c2cedff20999df2af8eb42d56 -> 
========================================================================
Received Prepare
Begin MonoManager ReloadAssembly
- Loaded All Assemblies, in  0.559 seconds
Refreshing native plugins compatible for Editor in 5.72 ms, found 4 plugins.
Native extension for WindowsStandalone target not found
[Package Manager] Server::EnsureServerProcessIsRunning -- launch failed, reason: Unity was launched with the -noUpm command-line argument
[Package Manager] UpmClient::Send -- Unable to send message (not connected to UPM process).
[Package Manager] Cannot connect to Unity Package Manager local server
Mono: successfully reloaded assembly
- Finished resetting the current domain, in  1.656 seconds
Domain Reload Profiling: 2210ms
	BeginReloadAssembly (176ms)
		ExecutionOrderSort (0ms)
		DisableScriptedObjects (11ms)
		BackupInstance (0ms)
		ReleaseScriptingObjects (0ms)
		CreateAndSetChildDomain (50ms)
	RebuildCommonClasses (34ms)
	RebuildNativeTypeToScriptingClass (12ms)
	initialDomainReloadingComplete (33ms)
	LoadAllAssembliesAndSetupDomain (298ms)
		LoadAssemblies (360ms)
		RebuildTransferFunctionScriptingTraits (0ms)
		AnalyzeDomain (21ms)
			TypeCache.Refresh (7ms)
				TypeCache.ScanAssembly (0ms)
			ScanForSourceGeneratedMonoScriptInfo (0ms)
			ResolveRequiredComponents (12ms)
	FinalizeReload (1656ms)
		ReleaseScriptCaches (0ms)
		RebuildScriptCaches (0ms)
		SetupLoadedEditorAssemblies (688ms)
			LogAssemblyErrors (0ms)
			InitializePlatformSupportModulesInManaged (8ms)
			SetLoadedEditorAssemblies (7ms)
			RefreshPlugins (0ms)
			BeforeProcessingInitializeOnLoad (105ms)
			ProcessInitializeOnLoadAttributes (470ms)
			ProcessInitializeOnLoadMethodAttributes (89ms)
			AfterProcessingInitializeOnLoad (10ms)
			EditorAssembliesLoaded (0ms)
		ExecutionOrderSort2 (0ms)
		AwakeInstancesAfterBackupRestoration (15ms)
Refreshing native plugins compatible for Editor in 5.95 ms, found 4 plugins.
Preloading 0 native plugins for Editor in 0.00 ms.
Unloading 5532 Unused Serialized files (Serialized files now loaded: 0)
Unloading 52 unused Assets / (0.7 MB). Loaded Objects now: 6104.
Memory consumption went from 199.1 MB to 198.3 MB.
Total: 6.492300 ms (FindLiveObjects: 0.717100 ms CreateObjectMapping: 0.503600 ms MarkObjects: 4.637900 ms  DeleteObjects: 0.631100 ms)

Prepare: number of updated asset objects reloaded= 0
AssetImportParameters requested are different than current active one (requested -> active):
  custom:container-demuxer-ogg: 62fdf1f143b41e24485cea50d1cbac27 -> 
  custom:video-decoder-ogg-theora: a1e56fd34408186e4bbccfd4996cb3dc -> 
  custom:framework-win-MediaFoundation: 216162199b28c13a410421893ffa2e32 -> 
  custom:CustomObjectIndexerAttribute: 62b5816608c3102f162a1797e29626cf -> 
  custom:container-demuxer-webm: 4f35f7cbe854078d1ac9338744f61a02 -> 
  custom:container-muxer-webm: aa71ff27fc2769a1b78a27578f13a17b -> 
  custom:video-decoder-webm-vp8: 9c59270c3fd7afecdb556c50c9e8de78 -> 
  custom:SearchIndexIgnoredProperties: e643bd26f0fe6173181afceb89e7c659 -> 
  custom:AudioImporter_EditorPlatform: d09bf68614088b80899f8185d706f6e7 -> 
  custom:video-encoder-webm-vp8: eb34c28f22e8b96e1ab97ce403110664 -> 
  custom:audio-decoder-ogg-vorbis: bf7c407c2cedff20999df2af8eb42d56 -> 
  custom:audio-encoder-webm-vorbis: bf7c407c2cedff20999df2af8eb42d56 -> 
========================================================================
Received Prepare
Begin MonoManager ReloadAssembly
- Loaded All Assemblies, in  0.566 seconds
Refreshing native plugins compatible for Editor in 5.54 ms, found 4 plugins.
Native extension for WindowsStandalone target not found
[Package Manager] Server::EnsureServerProcessIsRunning -- launch failed, reason: Unity was launched with the -noUpm command-line argument
[Package Manager] UpmClient::Send -- Unable to send message (not connected to UPM process).
[Package Manager] Cannot connect to Unity Package Manager local server
Mono: successfully reloaded assembly
- Finished resetting the current domain, in  1.747 seconds
Domain Reload Profiling: 2309ms
	BeginReloadAssembly (173ms)
		ExecutionOrderSort (0ms)
		DisableScriptedObjects (12ms)
		BackupInstance (0ms)
		ReleaseScriptingObjects (0ms)
		CreateAndSetChildDomain (46ms)
	RebuildCommonClasses (36ms)
	RebuildNativeTypeToScriptingClass (12ms)
	initialDomainReloadingComplete (36ms)
	LoadAllAssembliesAndSetupDomain (304ms)
		LoadAssemblies (366ms)
		RebuildTransferFunctionScriptingTraits (0ms)
		AnalyzeDomain (21ms)
			TypeCache.Refresh (7ms)
				TypeCache.ScanAssembly (0ms)
			ScanForSourceGeneratedMonoScriptInfo (0ms)
			ResolveRequiredComponents (11ms)
	FinalizeReload (1747ms)
		ReleaseScriptCaches (0ms)
		RebuildScriptCaches (0ms)
		SetupLoadedEditorAssemblies (676ms)
			LogAssemblyErrors (0ms)
			InitializePlatformSupportModulesInManaged (8ms)
			SetLoadedEditorAssemblies (7ms)
			RefreshPlugins (0ms)
			BeforeProcessingInitializeOnLoad (106ms)
			ProcessInitializeOnLoadAttributes (463ms)
			ProcessInitializeOnLoadMethodAttributes (83ms)
			AfterProcessingInitializeOnLoad (8ms)
			EditorAssembliesLoaded (0ms)
		ExecutionOrderSort2 (0ms)
		AwakeInstancesAfterBackupRestoration (14ms)
Refreshing native plugins compatible for Editor in 5.81 ms, found 4 plugins.
Preloading 0 native plugins for Editor in 0.00 ms.
Unloading 5532 Unused Serialized files (Serialized files now loaded: 0)
Unloading 52 unused Assets / (0.7 MB). Loaded Objects now: 6108.
Memory consumption went from 200.9 MB to 200.2 MB.
Total: 6.049900 ms (FindLiveObjects: 1.008700 ms CreateObjectMapping: 0.729400 ms MarkObjects: 3.692400 ms  DeleteObjects: 0.617500 ms)

Prepare: number of updated asset objects reloaded= 0
AssetImportParameters requested are different than current active one (requested -> active):
  custom:container-demuxer-ogg: 62fdf1f143b41e24485cea50d1cbac27 -> 
  custom:video-decoder-ogg-theora: a1e56fd34408186e4bbccfd4996cb3dc -> 
  custom:framework-win-MediaFoundation: 216162199b28c13a410421893ffa2e32 -> 
  custom:CustomObjectIndexerAttribute: 62b5816608c3102f162a1797e29626cf -> 
  custom:container-demuxer-webm: 4f35f7cbe854078d1ac9338744f61a02 -> 
  custom:container-muxer-webm: aa71ff27fc2769a1b78a27578f13a17b -> 
  custom:video-decoder-webm-vp8: 9c59270c3fd7afecdb556c50c9e8de78 -> 
  custom:SearchIndexIgnoredProperties: e643bd26f0fe6173181afceb89e7c659 -> 
  custom:AudioImporter_EditorPlatform: d09bf68614088b80899f8185d706f6e7 -> 
  custom:video-encoder-webm-vp8: eb34c28f22e8b96e1ab97ce403110664 -> 
  custom:audio-decoder-ogg-vorbis: bf7c407c2cedff20999df2af8eb42d56 -> 
  custom:audio-encoder-webm-vorbis: bf7c407c2cedff20999df2af8eb42d56 -> 
========================================================================
Received Prepare
Begin MonoManager ReloadAssembly
- Loaded All Assemblies, in  0.552 seconds
Refreshing native plugins compatible for Editor in 5.47 ms, found 4 plugins.
Native extension for WindowsStandalone target not found
[Package Manager] Server::EnsureServerProcessIsRunning -- launch failed, reason: Unity was launched with the -noUpm command-line argument
[Package Manager] UpmClient::Send -- Unable to send message (not connected to UPM process).
[Package Manager] Cannot connect to Unity Package Manager local server
Mono: successfully reloaded assembly
- Finished resetting the current domain, in  1.716 seconds
Domain Reload Profiling: 2264ms
	BeginReloadAssembly (182ms)
		ExecutionOrderSort (0ms)
		DisableScriptedObjects (11ms)
		BackupInstance (0ms)
		ReleaseScriptingObjects (0ms)
		CreateAndSetChildDomain (47ms)
	RebuildCommonClasses (33ms)
	RebuildNativeTypeToScriptingClass (11ms)
	initialDomainReloadingComplete (31ms)
	LoadAllAssembliesAndSetupDomain (290ms)
		LoadAssemblies (357ms)
		RebuildTransferFunctionScriptingTraits (0ms)
		AnalyzeDomain (20ms)
			TypeCache.Refresh (7ms)
				TypeCache.ScanAssembly (0ms)
			ScanForSourceGeneratedMonoScriptInfo (0ms)
			ResolveRequiredComponents (11ms)
	FinalizeReload (1716ms)
		ReleaseScriptCaches (0ms)
		RebuildScriptCaches (0ms)
		SetupLoadedEditorAssemblies (701ms)
			LogAssemblyErrors (0ms)
			InitializePlatformSupportModulesInManaged (10ms)
			SetLoadedEditorAssemblies (7ms)
			RefreshPlugins (0ms)
			BeforeProcessingInitializeOnLoad (126ms)
			ProcessInitializeOnLoadAttributes (464ms)
			ProcessInitializeOnLoadMethodAttributes (85ms)
			AfterProcessingInitializeOnLoad (9ms)
			EditorAssembliesLoaded (0ms)
		ExecutionOrderSort2 (0ms)
		AwakeInstancesAfterBackupRestoration (15ms)
Refreshing native plugins compatible for Editor in 6.50 ms, found 4 plugins.
Preloading 0 native plugins for Editor in 0.00 ms.
Unloading 5532 Unused Serialized files (Serialized files now loaded: 0)
Unloading 52 unused Assets / (0.7 MB). Loaded Objects now: 6112.
Memory consumption went from 202.9 MB to 202.2 MB.
Total: 6.202400 ms (FindLiveObjects: 0.758200 ms CreateObjectMapping: 0.372400 ms MarkObjects: 4.291400 ms  DeleteObjects: 0.777400 ms)

Prepare: number of updated asset objects reloaded= 0
AssetImportParameters requested are different than current active one (requested -> active):
  custom:container-demuxer-ogg: 62fdf1f143b41e24485cea50d1cbac27 -> 
  custom:video-decoder-ogg-theora: a1e56fd34408186e4bbccfd4996cb3dc -> 
  custom:framework-win-MediaFoundation: 216162199b28c13a410421893ffa2e32 -> 
  custom:CustomObjectIndexerAttribute: 62b5816608c3102f162a1797e29626cf -> 
  custom:container-demuxer-webm: 4f35f7cbe854078d1ac9338744f61a02 -> 
  custom:container-muxer-webm: aa71ff27fc2769a1b78a27578f13a17b -> 
  custom:video-decoder-webm-vp8: 9c59270c3fd7afecdb556c50c9e8de78 -> 
  custom:SearchIndexIgnoredProperties: e643bd26f0fe6173181afceb89e7c659 -> 
  custom:AudioImporter_EditorPlatform: d09bf68614088b80899f8185d706f6e7 -> 
  custom:video-encoder-webm-vp8: eb34c28f22e8b96e1ab97ce403110664 -> 
  custom:audio-decoder-ogg-vorbis: bf7c407c2cedff20999df2af8eb42d56 -> 
  custom:audio-encoder-webm-vorbis: bf7c407c2cedff20999df2af8eb42d56 -> 
========================================================================
Received Prepare
Begin MonoManager ReloadAssembly
- Loaded All Assemblies, in  0.558 seconds
Refreshing native plugins compatible for Editor in 5.82 ms, found 4 plugins.
Native extension for WindowsStandalone target not found
[Package Manager] Server::EnsureServerProcessIsRunning -- launch failed, reason: Unity was launched with the -noUpm command-line argument
[Package Manager] UpmClient::Send -- Unable to send message (not connected to UPM process).
[Package Manager] Cannot connect to Unity Package Manager local server
Mono: successfully reloaded assembly
- Finished resetting the current domain, in  1.669 seconds
Domain Reload Profiling: 2224ms
	BeginReloadAssembly (176ms)
		ExecutionOrderSort (0ms)
		DisableScriptedObjects (11ms)
		BackupInstance (0ms)
		ReleaseScriptingObjects (0ms)
		CreateAndSetChildDomain (45ms)
	RebuildCommonClasses (34ms)
	RebuildNativeTypeToScriptingClass (12ms)
	initialDomainReloadingComplete (33ms)
	LoadAllAssembliesAndSetupDomain (298ms)
		LoadAssemblies (366ms)
		RebuildTransferFunctionScriptingTraits (0ms)
		AnalyzeDomain (21ms)
			TypeCache.Refresh (7ms)
				TypeCache.ScanAssembly (0ms)
			ScanForSourceGeneratedMonoScriptInfo (0ms)
			ResolveRequiredComponents (11ms)
	FinalizeReload (1670ms)
		ReleaseScriptCaches (0ms)
		RebuildScriptCaches (0ms)
		SetupLoadedEditorAssemblies (690ms)
			LogAssemblyErrors (0ms)
			InitializePlatformSupportModulesInManaged (7ms)
			SetLoadedEditorAssemblies (7ms)
			RefreshPlugins (0ms)
			BeforeProcessingInitializeOnLoad (105ms)
			ProcessInitializeOnLoadAttributes (477ms)
			ProcessInitializeOnLoadMethodAttributes (86ms)
			AfterProcessingInitializeOnLoad (8ms)
			EditorAssembliesLoaded (0ms)
		ExecutionOrderSort2 (0ms)
		AwakeInstancesAfterBackupRestoration (15ms)
Refreshing native plugins compatible for Editor in 6.22 ms, found 4 plugins.
Preloading 0 native plugins for Editor in 0.00 ms.
Unloading 5532 Unused Serialized files (Serialized files now loaded: 0)
Unloading 52 unused Assets / (0.7 MB). Loaded Objects now: 6116.
Memory consumption went from 204.9 MB to 204.1 MB.
Total: 6.126500 ms (FindLiveObjects: 1.088400 ms CreateObjectMapping: 0.238900 ms MarkObjects: 3.878600 ms  DeleteObjects: 0.918700 ms)

Prepare: number of updated asset objects reloaded= 0
AssetImportParameters requested are different than current active one (requested -> active):
  custom:container-demuxer-ogg: 62fdf1f143b41e24485cea50d1cbac27 -> 
  custom:video-decoder-ogg-theora: a1e56fd34408186e4bbccfd4996cb3dc -> 
  custom:framework-win-MediaFoundation: 216162199b28c13a410421893ffa2e32 -> 
  custom:CustomObjectIndexerAttribute: 62b5816608c3102f162a1797e29626cf -> 
  custom:container-demuxer-webm: 4f35f7cbe854078d1ac9338744f61a02 -> 
  custom:container-muxer-webm: aa71ff27fc2769a1b78a27578f13a17b -> 
  custom:video-decoder-webm-vp8: 9c59270c3fd7afecdb556c50c9e8de78 -> 
  custom:SearchIndexIgnoredProperties: e643bd26f0fe6173181afceb89e7c659 -> 
  custom:AudioImporter_EditorPlatform: d09bf68614088b80899f8185d706f6e7 -> 
  custom:video-encoder-webm-vp8: eb34c28f22e8b96e1ab97ce403110664 -> 
  custom:audio-decoder-ogg-vorbis: bf7c407c2cedff20999df2af8eb42d56 -> 
  custom:audio-encoder-webm-vorbis: bf7c407c2cedff20999df2af8eb42d56 -> 
========================================================================
Received Prepare
Begin MonoManager ReloadAssembly
- Loaded All Assemblies, in  4.483 seconds
Refreshing native plugins compatible for Editor in 6.49 ms, found 4 plugins.
Native extension for WindowsStandalone target not found
[Package Manager] Server::EnsureServerProcessIsRunning -- launch failed, reason: Unity was launched with the -noUpm command-line argument
[Package Manager] UpmClient::Send -- Unable to send message (not connected to UPM process).
[Package Manager] Cannot connect to Unity Package Manager local server
Mono: successfully reloaded assembly
- Finished resetting the current domain, in  6.526 seconds
Domain Reload Profiling: 11000ms
	BeginReloadAssembly (964ms)
		ExecutionOrderSort (0ms)
		DisableScriptedObjects (171ms)
		BackupInstance (0ms)
		ReleaseScriptingObjects (1ms)
		CreateAndSetChildDomain (342ms)
	RebuildCommonClasses (37ms)
	RebuildNativeTypeToScriptingClass (11ms)
	initialDomainReloadingComplete (132ms)
	LoadAllAssembliesAndSetupDomain (3329ms)
		LoadAssemblies (3502ms)
		RebuildTransferFunctionScriptingTraits (0ms)
		AnalyzeDomain (164ms)
			TypeCache.Refresh (104ms)
				TypeCache.ScanAssembly (10ms)
			ScanForSourceGeneratedMonoScriptInfo (41ms)
			ResolveRequiredComponents (17ms)
	FinalizeReload (6527ms)
		ReleaseScriptCaches (0ms)
		RebuildScriptCaches (0ms)
		SetupLoadedEditorAssemblies (1641ms)
			LogAssemblyErrors (0ms)
			InitializePlatformSupportModulesInManaged (12ms)
			SetLoadedEditorAssemblies (6ms)
			RefreshPlugins (0ms)
			BeforeProcessingInitializeOnLoad (263ms)
			ProcessInitializeOnLoadAttributes (1029ms)
			ProcessInitializeOnLoadMethodAttributes (323ms)
			AfterProcessingInitializeOnLoad (7ms)
			EditorAssembliesLoaded (1ms)
		ExecutionOrderSort2 (0ms)
		AwakeInstancesAfterBackupRestoration (32ms)
Refreshing native plugins compatible for Editor in 5.59 ms, found 4 plugins.
Preloading 0 native plugins for Editor in 0.00 ms.
Unloading 5532 Unused Serialized files (Serialized files now loaded: 0)
Unloading 52 unused Assets / (0.7 MB). Loaded Objects now: 6120.
Memory consumption went from 206.8 MB to 206.0 MB.
Total: 8.193300 ms (FindLiveObjects: 0.550400 ms CreateObjectMapping: 0.241900 ms MarkObjects: 6.365400 ms  DeleteObjects: 1.033900 ms)

Prepare: number of updated asset objects reloaded= 0
AssetImportParameters requested are different than current active one (requested -> active):
  custom:container-demuxer-ogg: 62fdf1f143b41e24485cea50d1cbac27 -> 
  custom:video-decoder-ogg-theora: a1e56fd34408186e4bbccfd4996cb3dc -> 
  custom:framework-win-MediaFoundation: 216162199b28c13a410421893ffa2e32 -> 
  custom:CustomObjectIndexerAttribute: 62b5816608c3102f162a1797e29626cf -> 
  custom:container-demuxer-webm: 4f35f7cbe854078d1ac9338744f61a02 -> 
  custom:container-muxer-webm: aa71ff27fc2769a1b78a27578f13a17b -> 
  custom:video-decoder-webm-vp8: 9c59270c3fd7afecdb556c50c9e8de78 -> 
  custom:SearchIndexIgnoredProperties: e643bd26f0fe6173181afceb89e7c659 -> 
  custom:AudioImporter_EditorPlatform: d09bf68614088b80899f8185d706f6e7 -> 
  custom:video-encoder-webm-vp8: eb34c28f22e8b96e1ab97ce403110664 -> 
  custom:audio-decoder-ogg-vorbis: bf7c407c2cedff20999df2af8eb42d56 -> 
  custom:audio-encoder-webm-vorbis: bf7c407c2cedff20999df2af8eb42d56 -> 
========================================================================
Received Prepare
Begin MonoManager ReloadAssembly
- Loaded All Assemblies, in  0.736 seconds
Refreshing native plugins compatible for Editor in 5.71 ms, found 4 plugins.
Native extension for WindowsStandalone target not found
[Package Manager] Server::EnsureServerProcessIsRunning -- launch failed, reason: Unity was launched with the -noUpm command-line argument
[Package Manager] UpmClient::Send -- Unable to send message (not connected to UPM process).
[Package Manager] Cannot connect to Unity Package Manager local server
Mono: successfully reloaded assembly
- Finished resetting the current domain, in  3.024 seconds
Domain Reload Profiling: 3756ms
	BeginReloadAssembly (205ms)
		ExecutionOrderSort (0ms)
		DisableScriptedObjects (14ms)
		BackupInstance (0ms)
		ReleaseScriptingObjects (0ms)
		CreateAndSetChildDomain (55ms)
	RebuildCommonClasses (41ms)
	RebuildNativeTypeToScriptingClass (13ms)
	initialDomainReloadingComplete (38ms)
	LoadAllAssembliesAndSetupDomain (434ms)
		LoadAssemblies (474ms)
		RebuildTransferFunctionScriptingTraits (0ms)
		AnalyzeDomain (62ms)
			TypeCache.Refresh (14ms)
				TypeCache.ScanAssembly (0ms)
			ScanForSourceGeneratedMonoScriptInfo (34ms)
			ResolveRequiredComponents (12ms)
	FinalizeReload (3024ms)
		ReleaseScriptCaches (0ms)
		RebuildScriptCaches (0ms)
		SetupLoadedEditorAssemblies (652ms)
			LogAssemblyErrors (0ms)
			InitializePlatformSupportModulesInManaged (8ms)
			SetLoadedEditorAssemblies (6ms)
			RefreshPlugins (0ms)
			BeforeProcessingInitializeOnLoad (95ms)
			ProcessInitializeOnLoadAttributes (452ms)
			ProcessInitializeOnLoadMethodAttributes (83ms)
			AfterProcessingInitializeOnLoad (8ms)
			EditorAssembliesLoaded (0ms)
		ExecutionOrderSort2 (0ms)
		AwakeInstancesAfterBackupRestoration (14ms)
Refreshing native plugins compatible for Editor in 6.66 ms, found 4 plugins.
Preloading 0 native plugins for Editor in 0.00 ms.
Unloading 5532 Unused Serialized files (Serialized files now loaded: 0)
Unloading 52 unused Assets / (0.7 MB). Loaded Objects now: 6124.
Memory consumption went from 213.0 MB to 212.3 MB.
Total: 5.815000 ms (FindLiveObjects: 0.742100 ms CreateObjectMapping: 0.385600 ms MarkObjects: 4.152700 ms  DeleteObjects: 0.532700 ms)

Prepare: number of updated asset objects reloaded= 0
AssetImportParameters requested are different than current active one (requested -> active):
  custom:container-demuxer-ogg: 62fdf1f143b41e24485cea50d1cbac27 -> 
  custom:video-decoder-ogg-theora: a1e56fd34408186e4bbccfd4996cb3dc -> 
  custom:framework-win-MediaFoundation: 216162199b28c13a410421893ffa2e32 -> 
  custom:CustomObjectIndexerAttribute: 62b5816608c3102f162a1797e29626cf -> 
  custom:container-demuxer-webm: 4f35f7cbe854078d1ac9338744f61a02 -> 
  custom:container-muxer-webm: aa71ff27fc2769a1b78a27578f13a17b -> 
  custom:video-decoder-webm-vp8: 9c59270c3fd7afecdb556c50c9e8de78 -> 
  custom:SearchIndexIgnoredProperties: e643bd26f0fe6173181afceb89e7c659 -> 
  custom:AudioImporter_EditorPlatform: d09bf68614088b80899f8185d706f6e7 -> 
  custom:video-encoder-webm-vp8: eb34c28f22e8b96e1ab97ce403110664 -> 
  custom:audio-decoder-ogg-vorbis: bf7c407c2cedff20999df2af8eb42d56 -> 
  custom:audio-encoder-webm-vorbis: bf7c407c2cedff20999df2af8eb42d56 -> 
========================================================================
Received Import Request.
  Time since last request: 10730.568239 seconds.
  path: Assets/karsiori/Sprites/Pixel Art Key Pack - Animated/Key 1/Key 1 - GOLD - .png
  artifactKey: Guid(54663b220818d3e46b532480d0b47d28) Importer(815301076,1909f56bfc062723c751e8b465ee728b)
Start importing Assets/karsiori/Sprites/Pixel Art Key Pack - Animated/Key 1/Key 1 - GOLD - .png using Guid(54663b220818d3e46b532480d0b47d28) Importer(815301076,1909f56bfc062723c751e8b465ee728b)  -> (artifact id: 'da4d18d3781bf04796c928989297fbf8') in 1.208333 seconds
Number of updated asset objects reloaded before import = 0
Number of asset objects unloaded after import = 3
========================================================================
Received Import Request.
  Time since last request: 6.188648 seconds.
  path: Assets/karsiori/Sprites/Pixel Art Key Pack - Animated/Key 2/Key 2 - GOLD - Spritesheet.png
  artifactKey: Guid(f4ac95c345dfd164c97ae58a622f967f) Importer(815301076,1909f56bfc062723c751e8b465ee728b)
Start importing Assets/karsiori/Sprites/Pixel Art Key Pack - Animated/Key 2/Key 2 - GOLD - Spritesheet.png using Guid(f4ac95c345dfd164c97ae58a622f967f) Importer(815301076,1909f56bfc062723c751e8b465ee728b)  -> (artifact id: 'dacc8436ba9514ec63003c706c569f4e') in 0.059895 seconds
Number of updated asset objects reloaded before import = 0
Number of asset objects unloaded after import = 3
========================================================================
Received Import Request.
  Time since last request: 0.000021 seconds.
  path: Assets/karsiori/Sprites/Pixel Art Key Pack - Animated/Key 2/Key 2 - GREY - Spritesheet.png
  artifactKey: Guid(6374307a7558afb43bb14cf87d5224ae) Importer(815301076,1909f56bfc062723c751e8b465ee728b)
Start importing Assets/karsiori/Sprites/Pixel Art Key Pack - Animated/Key 2/Key 2 - GREY - Spritesheet.png using Guid(6374307a7558afb43bb14cf87d5224ae) Importer(815301076,1909f56bfc062723c751e8b465ee728b)  -> (artifact id: '2ac730814f67fb4e53b55264d3c13125') in 0.033429 seconds
Number of updated asset objects reloaded before import = 0
Number of asset objects unloaded after import = 3
========================================================================
Received Import Request.
  Time since last request: 12.829000 seconds.
  path: Assets/karsiori/Sprites/Pixel Art Key Pack - Animated/Key 3/Key 3 - GREY -.png
  artifactKey: Guid(e31f1038e4c6e8f4fa7d075639cb4e4b) Importer(815301076,1909f56bfc062723c751e8b465ee728b)
Start importing Assets/karsiori/Sprites/Pixel Art Key Pack - Animated/Key 3/Key 3 - GREY -.png using Guid(e31f1038e4c6e8f4fa7d075639cb4e4b) Importer(815301076,1909f56bfc062723c751e8b465ee728b)  -> (artifact id: '01afee60df01440ce35482045df0ae2e') in 0.047175 seconds
Number of updated asset objects reloaded before import = 0
Number of asset objects unloaded after import = 3
========================================================================
Received Import Request.
  Time since last request: 0.000038 seconds.
  path: Assets/karsiori/Sprites/Pixel Art Key Pack - Animated/Key 3
  artifactKey: Guid(fc14425cbf64fd847ba22880dd28b4d3) Importer(815301076,1909f56bfc062723c751e8b465ee728b)
Start importing Assets/karsiori/Sprites/Pixel Art Key Pack - Animated/Key 3 using Guid(fc14425cbf64fd847ba22880dd28b4d3) Importer(815301076,1909f56bfc062723c751e8b465ee728b)  -> (artifact id: '442b8d9ce4fb70ec204d42a2c3c56d12') in 0.004246 seconds
Number of updated asset objects reloaded before import = 0
Number of asset objects unloaded after import = 0
========================================================================
Received Import Request.
  Time since last request: 3.527186 seconds.
  path: Assets/karsiori/Sprites/Pixel Art Key Pack - Animated/Key 4/Key 4 - GREY - Spritesheet.png
  artifactKey: Guid(9d28278b05564274c843e50e8587b294) Importer(815301076,1909f56bfc062723c751e8b465ee728b)
Start importing Assets/karsiori/Sprites/Pixel Art Key Pack - Animated/Key 4/Key 4 - GREY - Spritesheet.png using Guid(9d28278b05564274c843e50e8587b294) Importer(815301076,1909f56bfc062723c751e8b465ee728b)  -> (artifact id: '68a1e8a4b3c87fe31c03bc422f42c5e7') in 0.032528 seconds
Number of updated asset objects reloaded before import = 0
Number of asset objects unloaded after import = 3
========================================================================
Received Import Request.
  Time since last request: 2.879416 seconds.
  path: Assets/karsiori/Sprites/Pixel Art Key Pack - Animated/Key 5/Key 5 - GREY - Spritesheet.png
  artifactKey: Guid(7fbf826d9c3a8d149b847940987193f7) Importer(815301076,1909f56bfc062723c751e8b465ee728b)
Start importing Assets/karsiori/Sprites/Pixel Art Key Pack - Animated/Key 5/Key 5 - GREY - Spritesheet.png using Guid(7fbf826d9c3a8d149b847940987193f7) Importer(815301076,1909f56bfc062723c751e8b465ee728b)  -> (artifact id: 'd88c7909e028366aa156a24bae0f03e9') in 0.037957 seconds
Number of updated asset objects reloaded before import = 0
Number of asset objects unloaded after import = 3
========================================================================
Received Import Request.
  Time since last request: 0.000032 seconds.
  path: Assets/karsiori/Sprites/Pixel Art Key Pack - Animated/Key 5
  artifactKey: Guid(ce5ec9bba6cddea4fad6d3d7175df9de) Importer(815301076,1909f56bfc062723c751e8b465ee728b)
Start importing Assets/karsiori/Sprites/Pixel Art Key Pack - Animated/Key 5 using Guid(ce5ec9bba6cddea4fad6d3d7175df9de) Importer(815301076,1909f56bfc062723c751e8b465ee728b)  -> (artifact id: 'bce925f5706d3fc4c0b29dc4b74ec7f5') in 0.002276 seconds
Number of updated asset objects reloaded before import = 0
Number of asset objects unloaded after import = 0
========================================================================
Received Import Request.
  Time since last request: 2.389178 seconds.
  path: Assets/karsiori/Sprites/Pixel Art Key Pack - Animated/Key 6/Key 6 - GREY - Spritesheet.png
  artifactKey: Guid(828df973c2e016a49ab00030d4bac560) Importer(815301076,1909f56bfc062723c751e8b465ee728b)
Start importing Assets/karsiori/Sprites/Pixel Art Key Pack - Animated/Key 6/Key 6 - GREY - Spritesheet.png using Guid(828df973c2e016a49ab00030d4bac560) Importer(815301076,1909f56bfc062723c751e8b465ee728b)  -> (artifact id: '69f2fdb89444fa142c5bcab2904d05e5') in 0.042636 seconds
Number of updated asset objects reloaded before import = 0
Number of asset objects unloaded after import = 3
========================================================================
Received Import Request.
  Time since last request: 32.501014 seconds.
  path: Assets/karsiori/Sprites/Pixel Art Key Pack - Animated/Key 4/GOLD/Key 4 - GOLD - 0002.png
  artifactKey: Guid(5eeee9b36b4eec74da0cb8b81926ca4d) Importer(815301076,1909f56bfc062723c751e8b465ee728b)
Start importing Assets/karsiori/Sprites/Pixel Art Key Pack - Animated/Key 4/GOLD/Key 4 - GOLD - 0002.png using Guid(5eeee9b36b4eec74da0cb8b81926ca4d) Importer(815301076,1909f56bfc062723c751e8b465ee728b)  -> (artifact id: '5cded162fa0469f9eb2b8f496456a1bb') in 0.030051 seconds
Number of updated asset objects reloaded before import = 0
Number of asset objects unloaded after import = 3
========================================================================
Received Import Request.
  Time since last request: 0.000051 seconds.
  path: Assets/karsiori/Sprites/Pixel Art Key Pack - Animated/Key 4/GOLD/Key 4 - GOLD - 0004.png
  artifactKey: Guid(55d71c4722e45694eaacc3c9d3bc4bd9) Importer(815301076,1909f56bfc062723c751e8b465ee728b)
Start importing Assets/karsiori/Sprites/Pixel Art Key Pack - Animated/Key 4/GOLD/Key 4 - GOLD - 0004.png using Guid(55d71c4722e45694eaacc3c9d3bc4bd9) Importer(815301076,1909f56bfc062723c751e8b465ee728b)  -> (artifact id: '7a36e6c1bbf8cf6920340c03543f9b4d') in 0.024353 seconds
Number of updated asset objects reloaded before import = 0
Number of asset objects unloaded after import = 3
========================================================================
Received Import Request.
  Time since last request: 433.435357 seconds.
  path: Assets/RF Castle/decorative.png
  artifactKey: Guid(029030ab7555c8c4e95178103a2328f6) Importer(815301076,1909f56bfc062723c751e8b465ee728b)
Start importing Assets/RF Castle/decorative.png using Guid(029030ab7555c8c4e95178103a2328f6) Importer(815301076,1909f56bfc062723c751e8b465ee728b)  -> (artifact id: '4e6123861ce37707b5647ec5eecd5cea') in 0.238645 seconds
Number of updated asset objects reloaded before import = 0
Number of asset objects unloaded after import = 55
========================================================================
Received Import Request.
  Time since last request: 3.531513 seconds.
  path: Assets/karsiori/Sprites/Pixel Art Key Pack - Animated/Key 2/SILVER/Key 2 - SILVER - 0003.png
  artifactKey: Guid(d3dc6147c7501f149bb15752e879ac29) Importer(815301076,1909f56bfc062723c751e8b465ee728b)
Start importing Assets/karsiori/Sprites/Pixel Art Key Pack - Animated/Key 2/SILVER/Key 2 - SILVER - 0003.png using Guid(d3dc6147c7501f149bb15752e879ac29) Importer(815301076,1909f56bfc062723c751e8b465ee728b)  -> (artifact id: 'eeac962c3e01330bc211765f850f97d4') in 0.016497 seconds
Number of updated asset objects reloaded before import = 0
Number of asset objects unloaded after import = 3
========================================================================
Received Import Request.
  Time since last request: 0.009881 seconds.
  path: Assets/karsiori/Sprites/Pixel Art Key Pack - Animated/Key 2/SILVER/Key 2 - SILVER - 0005.png
  artifactKey: Guid(b22c6914673bf40419297d5632232c4d) Importer(815301076,1909f56bfc062723c751e8b465ee728b)
Start importing Assets/karsiori/Sprites/Pixel Art Key Pack - Animated/Key 2/SILVER/Key 2 - SILVER - 0005.png using Guid(b22c6914673bf40419297d5632232c4d) Importer(815301076,1909f56bfc062723c751e8b465ee728b)  -> (artifact id: 'e1eec793834ec17bea690845941164a8') in 0.018751 seconds
Number of updated asset objects reloaded before import = 0
Number of asset objects unloaded after import = 3
========================================================================
Received Import Request.
  Time since last request: 0.000029 seconds.
  path: Assets/karsiori/Sprites/Pixel Art Key Pack - Animated/Key 4/GREY/Key 4 - GREY - 0002.png
  artifactKey: Guid(f80a17265b3076b42a0e4b7b39fb7d5a) Importer(815301076,1909f56bfc062723c751e8b465ee728b)
Start importing Assets/karsiori/Sprites/Pixel Art Key Pack - Animated/Key 4/GREY/Key 4 - GREY - 0002.png using Guid(f80a17265b3076b42a0e4b7b39fb7d5a) Importer(815301076,1909f56bfc062723c751e8b465ee728b)  -> (artifact id: '7641b39712cf853b4d4610e880f10865') in 0.020097 seconds
Number of updated asset objects reloaded before import = 0
Number of asset objects unloaded after import = 3
========================================================================
Received Import Request.
  Time since last request: 0.000048 seconds.
  path: Assets/karsiori/Sprites/Pixel Art Key Pack - Animated/Key 5/BRONZE/Key 5 - BRONZE - frame0005.png
  artifactKey: Guid(3c98a10054a81804e9420a47579897ee) Importer(815301076,1909f56bfc062723c751e8b465ee728b)
Start importing Assets/karsiori/Sprites/Pixel Art Key Pack - Animated/Key 5/BRONZE/Key 5 - BRONZE - frame0005.png using Guid(3c98a10054a81804e9420a47579897ee) Importer(815301076,1909f56bfc062723c751e8b465ee728b)  -> (artifact id: '0f764de26b4f691cc09b5db60d3aec26') in 0.029570 seconds
Number of updated asset objects reloaded before import = 0
Number of asset objects unloaded after import = 3
========================================================================
Received Import Request.
  Time since last request: 0.000024 seconds.
  path: Assets/karsiori/Sprites/Pixel Art Key Pack - Animated/Key 4/SILVER/Key 4 - SILVER - 0004.png
  artifactKey: Guid(171ef9939d4eba143aad6f9e134f78ba) Importer(815301076,1909f56bfc062723c751e8b465ee728b)
Start importing Assets/karsiori/Sprites/Pixel Art Key Pack - Animated/Key 4/SILVER/Key 4 - SILVER - 0004.png using Guid(171ef9939d4eba143aad6f9e134f78ba) Importer(815301076,1909f56bfc062723c751e8b465ee728b)  -> (artifact id: 'd09d1bfe859b6c33461206265af18365') in 0.017670 seconds
Number of updated asset objects reloaded before import = 0
Number of asset objects unloaded after import = 3
========================================================================
Received Import Request.
  Time since last request: 0.000032 seconds.
  path: Assets/karsiori/Sprites/Pixel Art Key Pack - Animated/Key 5/BRONZE/Key 5 - BRONZE - frame0004.png
  artifactKey: Guid(3760a05b1f4c6d24fb154c5439d0992d) Importer(815301076,1909f56bfc062723c751e8b465ee728b)
Start importing Assets/karsiori/Sprites/Pixel Art Key Pack - Animated/Key 5/BRONZE/Key 5 - BRONZE - frame0004.png using Guid(3760a05b1f4c6d24fb154c5439d0992d) Importer(815301076,1909f56bfc062723c751e8b465ee728b)  -> (artifact id: '08cdc2559509125ab0de33af8d272ce7') in 0.021114 seconds
Number of updated asset objects reloaded before import = 0
Number of asset objects unloaded after import = 3
========================================================================
Received Import Request.
  Time since last request: 0.000047 seconds.
  path: Assets/karsiori/Sprites/Pixel Art Key Pack - Animated/Key 4/GREY/Key 4 - GREY - 0000.png
  artifactKey: Guid(d9a21d794a937654095cea756127235a) Importer(815301076,1909f56bfc062723c751e8b465ee728b)
Start importing Assets/karsiori/Sprites/Pixel Art Key Pack - Animated/Key 4/GREY/Key 4 - GREY - 0000.png using Guid(d9a21d794a937654095cea756127235a) Importer(815301076,1909f56bfc062723c751e8b465ee728b)  -> (artifact id: 'f94e5ab66f5285666f2e0c53738d8ee8') in 0.018130 seconds
Number of updated asset objects reloaded before import = 0
Number of asset objects unloaded after import = 3
========================================================================
Received Import Request.
  Time since last request: 0.000024 seconds.
  path: Assets/karsiori/Sprites/Pixel Art Key Pack - Animated/Key 2/SILVER/Key 2 - SILVER - 0009.png
  artifactKey: Guid(37e0bc26739859946b767ab4658bef6b) Importer(815301076,1909f56bfc062723c751e8b465ee728b)
Start importing Assets/karsiori/Sprites/Pixel Art Key Pack - Animated/Key 2/SILVER/Key 2 - SILVER - 0009.png using Guid(37e0bc26739859946b767ab4658bef6b) Importer(815301076,1909f56bfc062723c751e8b465ee728b)  -> (artifact id: '147b4d6f82f673b2bcf5bfdcac5086b1') in 0.016733 seconds
Number of updated asset objects reloaded before import = 0
Number of asset objects unloaded after import = 3
========================================================================
Received Import Request.
  Time since last request: 0.000047 seconds.
  path: Assets/karsiori/Sprites/Pixel Art Key Pack - Animated/Key 2/SILVER/Key 2 - SILVER - 0011.png
  artifactKey: Guid(0a907f92a46b4414785848b2aa4ad6a1) Importer(815301076,1909f56bfc062723c751e8b465ee728b)
Start importing Assets/karsiori/Sprites/Pixel Art Key Pack - Animated/Key 2/SILVER/Key 2 - SILVER - 0011.png using Guid(0a907f92a46b4414785848b2aa4ad6a1) Importer(815301076,1909f56bfc062723c751e8b465ee728b)  -> (artifact id: '5635d457bfeed23f05ac76b7903c570b') in 0.016491 seconds
Number of updated asset objects reloaded before import = 0
Number of asset objects unloaded after import = 3
========================================================================
Received Import Request.
  Time since last request: 0.000022 seconds.
  path: Assets/karsiori/Sprites/Pixel Art Key Pack - Animated/Key 5/BRONZE/Key 5 - BRONZE - frame0003.png
  artifactKey: Guid(4c98485297e14274f9cf057354e95fb4) Importer(815301076,1909f56bfc062723c751e8b465ee728b)
Start importing Assets/karsiori/Sprites/Pixel Art Key Pack - Animated/Key 5/BRONZE/Key 5 - BRONZE - frame0003.png using Guid(4c98485297e14274f9cf057354e95fb4) Importer(815301076,1909f56bfc062723c751e8b465ee728b)  -> (artifact id: '6b3509c45ca03d5817c0f073df379df0') in 0.017332 seconds
Number of updated asset objects reloaded before import = 0
Number of asset objects unloaded after import = 3
========================================================================
Received Import Request.
  Time since last request: 0.000030 seconds.
  path: Assets/karsiori/Sprites/Pixel Art Key Pack - Animated/Key 4/GREY/Key 4 - GREY - 0003.png
  artifactKey: Guid(5316299f455f48145979124a2e0fa735) Importer(815301076,1909f56bfc062723c751e8b465ee728b)
Start importing Assets/karsiori/Sprites/Pixel Art Key Pack - Animated/Key 4/GREY/Key 4 - GREY - 0003.png using Guid(5316299f455f48145979124a2e0fa735) Importer(815301076,1909f56bfc062723c751e8b465ee728b)  -> (artifact id: '9cc845fb5e38cfc88575349dee7f6587') in 0.016793 seconds
Number of updated asset objects reloaded before import = 0
Number of asset objects unloaded after import = 3
========================================================================
Received Import Request.
  Time since last request: 0.000030 seconds.
  path: Assets/karsiori/Sprites/Pixel Art Key Pack - Animated/Key 5/BRONZE/Key 5 - BRONZE - frame0000.png
  artifactKey: Guid(5a33281afd2e9874188d8b0c5677dbf8) Importer(815301076,1909f56bfc062723c751e8b465ee728b)
Start importing Assets/karsiori/Sprites/Pixel Art Key Pack - Animated/Key 5/BRONZE/Key 5 - BRONZE - frame0000.png using Guid(5a33281afd2e9874188d8b0c5677dbf8) Importer(815301076,1909f56bfc062723c751e8b465ee728b)  -> (artifact id: '2721f2d5cc8e6e01324f4e980b0c3668') in 0.021571 seconds
Number of updated asset objects reloaded before import = 0
Number of asset objects unloaded after import = 3
========================================================================
Received Import Request.
  Time since last request: 0.000022 seconds.
  path: Assets/Cainos/Pixel Art Top Down - Basic/Texture/TX Tileset Grass.png
  artifactKey: Guid(1c9ed9d1200c29d4cbfd2071028c1cd5) Importer(815301076,1909f56bfc062723c751e8b465ee728b)
Start importing Assets/Cainos/Pixel Art Top Down - Basic/Texture/TX Tileset Grass.png using Guid(1c9ed9d1200c29d4cbfd2071028c1cd5) Importer(815301076,1909f56bfc062723c751e8b465ee728b)  -> (artifact id: 'e710e2ec80d8f59ba42097cba2a51ed6') in 0.205407 seconds
Number of updated asset objects reloaded before import = 0
Number of asset objects unloaded after import = 66
========================================================================
Received Import Request.
  Time since last request: 0.000043 seconds.
  path: Assets/karsiori/Sprites/Pixel Art Key Pack - Animated/Key 2/SILVER/Key 2 - SILVER - 0010.png
  artifactKey: Guid(0c61491bc7f41d74281212b6034f1f8c) Importer(815301076,1909f56bfc062723c751e8b465ee728b)
Start importing Assets/karsiori/Sprites/Pixel Art Key Pack - Animated/Key 2/SILVER/Key 2 - SILVER - 0010.png using Guid(0c61491bc7f41d74281212b6034f1f8c) Importer(815301076,1909f56bfc062723c751e8b465ee728b)  -> (artifact id: '3bd9a6bb454c2465047c55e0d7f9b37c') in 0.021536 seconds
Number of updated asset objects reloaded before import = 0
Number of asset objects unloaded after import = 3
========================================================================
Received Import Request.
  Time since last request: 0.000069 seconds.
  path: Assets/karsiori/Sprites/Pixel Art Key Pack - Animated/Key 4/SILVER/Key 4 - SILVER - 0003.png
  artifactKey: Guid(6e53bdcb2c03181479c3d7d33ce24ad3) Importer(815301076,1909f56bfc062723c751e8b465ee728b)
Start importing Assets/karsiori/Sprites/Pixel Art Key Pack - Animated/Key 4/SILVER/Key 4 - SILVER - 0003.png using Guid(6e53bdcb2c03181479c3d7d33ce24ad3) Importer(815301076,1909f56bfc062723c751e8b465ee728b)  -> (artifact id: '80e23fe2f73c873c5d4d4c4e4d272a0e') in 0.018175 seconds
Number of updated asset objects reloaded before import = 0
Number of asset objects unloaded after import = 3
========================================================================
Received Import Request.
  Time since last request: 0.000029 seconds.
  path: Assets/karsiori/Sprites/Pixel Art Key Pack - Animated/Key 2/SILVER/Key 2 - SILVER - 0006.png
  artifactKey: Guid(2a6b8f55924308e4798821dbd6a48afd) Importer(815301076,1909f56bfc062723c751e8b465ee728b)
Start importing Assets/karsiori/Sprites/Pixel Art Key Pack - Animated/Key 2/SILVER/Key 2 - SILVER - 0006.png using Guid(2a6b8f55924308e4798821dbd6a48afd) Importer(815301076,1909f56bfc062723c751e8b465ee728b)  -> (artifact id: '19e3dbd596d35ddacd75b1069ac4ca05') in 0.015959 seconds
Number of updated asset objects reloaded before import = 0
Number of asset objects unloaded after import = 3
========================================================================
Received Import Request.
  Time since last request: 0.000031 seconds.
  path: Assets/Cainos/Pixel Art Platformer - Village Props/Texture/TX Tileset Ground.png
  artifactKey: Guid(157cbc340d2b7e64ab85168e80e95550) Importer(815301076,1909f56bfc062723c751e8b465ee728b)
Start importing Assets/Cainos/Pixel Art Platformer - Village Props/Texture/TX Tileset Ground.png using Guid(157cbc340d2b7e64ab85168e80e95550) Importer(815301076,1909f56bfc062723c751e8b465ee728b)  -> (artifact id: 'b01cec6409c8d51a323f889c3ff31815') in 0.499521 seconds
Number of updated asset objects reloaded before import = 0
Number of asset objects unloaded after import = 167
========================================================================
Received Import Request.
  Time since last request: 0.000057 seconds.
  path: Assets/Cainos/Pixel Art Platformer - Village Props/Texture/TX Village Props.png
  artifactKey: Guid(7810966f0f690954c87305933cabf2b0) Importer(815301076,1909f56bfc062723c751e8b465ee728b)
Start importing Assets/Cainos/Pixel Art Platformer - Village Props/Texture/TX Village Props.png using Guid(7810966f0f690954c87305933cabf2b0) Importer(815301076,1909f56bfc062723c751e8b465ee728b)  -> (artifact id: '5f3f05cd26bafbc2ea40591d667cbbbc') in 0.704225 seconds
Number of updated asset objects reloaded before import = 0
Number of asset objects unloaded after import = 193
========================================================================
Received Import Request.
  Time since last request: 0.000096 seconds.
  path: Assets/Cainos/Common/Texture/Utils/TX Utils Checker.png
  artifactKey: Guid(9f38ccca1cb4ef644b486a69e9cef663) Importer(815301076,1909f56bfc062723c751e8b465ee728b)
Start importing Assets/Cainos/Common/Texture/Utils/TX Utils Checker.png using Guid(9f38ccca1cb4ef644b486a69e9cef663) Importer(815301076,1909f56bfc062723c751e8b465ee728b)  -> (artifact id: '0e3fd972e53934bfba421e19b7a6d1f1') in 0.022104 seconds
Number of updated asset objects reloaded before import = 0
Number of asset objects unloaded after import = 3
========================================================================
Received Import Request.
  Time since last request: 0.000043 seconds.
  path: Assets/Cainos/Pixel Art Top Down - Basic/Texture/TX Tileset Wall.png
  artifactKey: Guid(9f8f114589864b6489859a58fbb6baf9) Importer(815301076,1909f56bfc062723c751e8b465ee728b)
Start importing Assets/Cainos/Pixel Art Top Down - Basic/Texture/TX Tileset Wall.png using Guid(9f8f114589864b6489859a58fbb6baf9) Importer(815301076,1909f56bfc062723c751e8b465ee728b)  -> (artifact id: '3835c1a8b8c0a5599b531090c2071710') in 0.203763 seconds
Number of updated asset objects reloaded before import = 0
Number of asset objects unloaded after import = 63
========================================================================
Received Import Request.
  Time since last request: 0.000034 seconds.
  path: Assets/karsiori/Sprites/Pixel Art Key Pack - Animated/Key 4/GREY/Key 4 - GREY - 0004.png
  artifactKey: Guid(3087eb208231e0b48a61f83aaddf3e3d) Importer(815301076,1909f56bfc062723c751e8b465ee728b)
Start importing Assets/karsiori/Sprites/Pixel Art Key Pack - Animated/Key 4/GREY/Key 4 - GREY - 0004.png using Guid(3087eb208231e0b48a61f83aaddf3e3d) Importer(815301076,1909f56bfc062723c751e8b465ee728b)  -> (artifact id: 'f233aacce9dddb305689282b342a5c7e') in 0.020952 seconds
Number of updated asset objects reloaded before import = 0
Number of asset objects unloaded after import = 3
========================================================================
Received Import Request.
  Time since last request: 0.000052 seconds.
  path: Assets/karsiori/Sprites/Pixel Art Key Pack - Animated/Key 5/BRONZE/Key 5 - BRONZE - frame0001.png
  artifactKey: Guid(03e07e27fafbeb442b967eadb348defb) Importer(815301076,1909f56bfc062723c751e8b465ee728b)
Start importing Assets/karsiori/Sprites/Pixel Art Key Pack - Animated/Key 5/BRONZE/Key 5 - BRONZE - frame0001.png using Guid(03e07e27fafbeb442b967eadb348defb) Importer(815301076,1909f56bfc062723c751e8b465ee728b)  -> (artifact id: 'c09cf155fb00b807a4e2cd86d977f763') in 0.022935 seconds
Number of updated asset objects reloaded before import = 0
Number of asset objects unloaded after import = 3
========================================================================
Received Import Request.
  Time since last request: 0.000041 seconds.
  path: Assets/karsiori/Sprites/Pixel Art Key Pack - Animated/Key 2/SILVER/Key 2 - SILVER - 0008.png
  artifactKey: Guid(b63e23c3bb69bd941a04d688ee32f6ad) Importer(815301076,1909f56bfc062723c751e8b465ee728b)
Start importing Assets/karsiori/Sprites/Pixel Art Key Pack - Animated/Key 2/SILVER/Key 2 - SILVER - 0008.png using Guid(b63e23c3bb69bd941a04d688ee32f6ad) Importer(815301076,1909f56bfc062723c751e8b465ee728b)  -> (artifact id: '411e9988f3a800b96f2374548c2f125c') in 0.019769 seconds
Number of updated asset objects reloaded before import = 0
Number of asset objects unloaded after import = 3
========================================================================
Received Import Request.
  Time since last request: 0.000038 seconds.
  path: Assets/Cainos/Pixel Art Top Down - Basic/Texture/TX Player.png
  artifactKey: Guid(ec47f75fe8aff1644ac73998f4ad31b5) Importer(815301076,1909f56bfc062723c751e8b465ee728b)
Start importing Assets/Cainos/Pixel Art Top Down - Basic/Texture/TX Player.png using Guid(ec47f75fe8aff1644ac73998f4ad31b5) Importer(815301076,1909f56bfc062723c751e8b465ee728b)  -> (artifact id: '7e63b2cba49c131707f32e9193a5dccc') in 0.026785 seconds
Number of updated asset objects reloaded before import = 0
Number of asset objects unloaded after import = 6
========================================================================
Received Import Request.
  Time since last request: 0.000031 seconds.
  path: Assets/karsiori/Sprites/Pixel Art Key Pack - Animated/Key 4/BRONZE/Key 4 - BRONZE - 0000.png
  artifactKey: Guid(a3c46e89302a4944db55318afa1602d1) Importer(815301076,1909f56bfc062723c751e8b465ee728b)
Start importing Assets/karsiori/Sprites/Pixel Art Key Pack - Animated/Key 4/BRONZE/Key 4 - BRONZE - 0000.png using Guid(a3c46e89302a4944db55318afa1602d1) Importer(815301076,1909f56bfc062723c751e8b465ee728b)  -> (artifact id: '23413b0feddac67b8ba2c86523199d83') in 0.018452 seconds
Number of updated asset objects reloaded before import = 0
Number of asset objects unloaded after import = 3
========================================================================
Received Import Request.
  Time since last request: 0.000030 seconds.
  path: Assets/Cainos/Pixel Art Top Down - Basic/Texture/TX Props.png
  artifactKey: Guid(29c9cded5e558164aaf8c9bf08aa1510) Importer(815301076,1909f56bfc062723c751e8b465ee728b)
Start importing Assets/Cainos/Pixel Art Top Down - Basic/Texture/TX Props.png using Guid(29c9cded5e558164aaf8c9bf08aa1510) Importer(815301076,1909f56bfc062723c751e8b465ee728b)  -> (artifact id: 'b4e9f609df2ed923e8fa383e233a18c3') in 0.172686 seconds
Number of updated asset objects reloaded before import = 0
Number of asset objects unloaded after import = 50
========================================================================
Received Import Request.
  Time since last request: 0.000036 seconds.
  path: Assets/karsiori/Sprites/Pixel Art Key Pack - Animated/Key 4/SILVER/Key 4 - SILVER - 0000.png
  artifactKey: Guid(23412db188d307b4e9157d45bb1c06e4) Importer(815301076,1909f56bfc062723c751e8b465ee728b)
Start importing Assets/karsiori/Sprites/Pixel Art Key Pack - Animated/Key 4/SILVER/Key 4 - SILVER - 0000.png using Guid(23412db188d307b4e9157d45bb1c06e4) Importer(815301076,1909f56bfc062723c751e8b465ee728b)  -> (artifact id: 'e1f8e47e8cf968af520505b56088d253') in 0.017547 seconds
Number of updated asset objects reloaded before import = 0
Number of asset objects unloaded after import = 3
========================================================================
Received Import Request.
  Time since last request: 0.000043 seconds.
  path: Assets/karsiori/Sprites/Pixel Art Key Pack - Animated/Key 2/SILVER/Key 2 - SILVER - 0007.png
  artifactKey: Guid(ae230fd03b75e37468da85d0b3f43142) Importer(815301076,1909f56bfc062723c751e8b465ee728b)
Start importing Assets/karsiori/Sprites/Pixel Art Key Pack - Animated/Key 2/SILVER/Key 2 - SILVER - 0007.png using Guid(ae230fd03b75e37468da85d0b3f43142) Importer(815301076,1909f56bfc062723c751e8b465ee728b)  -> (artifact id: 'bdb502dcedf126c9eb03223582d9b1fe') in 0.017028 seconds
Number of updated asset objects reloaded before import = 0
Number of asset objects unloaded after import = 3
========================================================================
Received Import Request.
  Time since last request: 0.000027 seconds.
  path: Assets/Cainos/Pixel Art Top Down - Basic/Texture/TX Plant.png
  artifactKey: Guid(c3a40e1c46727b94e959990527f8e7fa) Importer(815301076,1909f56bfc062723c751e8b465ee728b)
Start importing Assets/Cainos/Pixel Art Top Down - Basic/Texture/TX Plant.png using Guid(c3a40e1c46727b94e959990527f8e7fa) Importer(815301076,1909f56bfc062723c751e8b465ee728b)  -> (artifact id: '1754c3e7ecaac6f8f167a273c6d39e92') in 0.109522 seconds
Number of updated asset objects reloaded before import = 0
Number of asset objects unloaded after import = 30
========================================================================
Received Import Request.
  Time since last request: 2812.198664 seconds.
  path: Assets/Gentleland/SteampunkUI/Prefabs/Buttons/Button 1 Alternative Color.prefab
  artifactKey: Guid(4d00408587bd49f4491a3e909a6f5fcb) Importer(815301076,1909f56bfc062723c751e8b465ee728b)
Start importing Assets/Gentleland/SteampunkUI/Prefabs/Buttons/Button 1 Alternative Color.prefab using Guid(4d00408587bd49f4491a3e909a6f5fcb) Importer(815301076,1909f56bfc062723c751e8b465ee728b)  -> (artifact id: 'e6e1967b954d01fc1682a32eb6ebbc45') in 1.026555 seconds
Number of updated asset objects reloaded before import = 0
Number of asset objects unloaded after import = 10
========================================================================
Received Import Request.
  Time since last request: 0.000229 seconds.
  path: Assets/Gentleland/SteampunkUI/Prefabs/Buttons/Button 2 Alternative Color.prefab
  artifactKey: Guid(02952803a25f2384a9af0853df1a61e3) Importer(815301076,1909f56bfc062723c751e8b465ee728b)
Start importing Assets/Gentleland/SteampunkUI/Prefabs/Buttons/Button 2 Alternative Color.prefab using Guid(02952803a25f2384a9af0853df1a61e3) Importer(815301076,1909f56bfc062723c751e8b465ee728b)  -> (artifact id: '297f44fb518555f79ccb609a1bfb0153') in 0.031178 seconds
Number of updated asset objects reloaded before import = 0
Number of asset objects unloaded after import = 10
========================================================================
Received Import Request.
  Time since last request: 0.000075 seconds.
  path: Assets/Gentleland/SteampunkUI/Prefabs/Buttons/Button 11.prefab
  artifactKey: Guid(e0c4eb16c0a0a654c9bde79878d20a07) Importer(815301076,1909f56bfc062723c751e8b465ee728b)
Start importing Assets/Gentleland/SteampunkUI/Prefabs/Buttons/Button 11.prefab using Guid(e0c4eb16c0a0a654c9bde79878d20a07) Importer(815301076,1909f56bfc062723c751e8b465ee728b)  -> (artifact id: '3b50a8bd901338e6ed55f504e194260a') in 0.018384 seconds
Number of updated asset objects reloaded before import = 0
Number of asset objects unloaded after import = 10
========================================================================
Received Import Request.
  Time since last request: 0.000036 seconds.
  path: Assets/Gentleland/SteampunkUI/Prefabs/Buttons/Button 5 Alternative Color.prefab
  artifactKey: Guid(4947cbd2b12a8d845bcdc719b7b9770d) Importer(815301076,1909f56bfc062723c751e8b465ee728b)
Start importing Assets/Gentleland/SteampunkUI/Prefabs/Buttons/Button 5 Alternative Color.prefab using Guid(4947cbd2b12a8d845bcdc719b7b9770d) Importer(815301076,1909f56bfc062723c751e8b465ee728b)  -> (artifact id: '278d85971b0e09c8a0f6433dea72f133') in 0.026209 seconds
Number of updated asset objects reloaded before import = 0
Number of asset objects unloaded after import = 10
========================================================================
Received Import Request.
  Time since last request: 1.245791 seconds.
  path: Assets/Gentleland/SteampunkUI/Prefabs/Frames/Frame 2.prefab
  artifactKey: Guid(e857cc4fe9f65b64a89fb1bca2aed598) Importer(815301076,1909f56bfc062723c751e8b465ee728b)
Start importing Assets/Gentleland/SteampunkUI/Prefabs/Frames/Frame 2.prefab using Guid(e857cc4fe9f65b64a89fb1bca2aed598) Importer(815301076,1909f56bfc062723c751e8b465ee728b)  -> (artifact id: '19e8daf92fc8e71d2313c719ecf70c5e') in 0.017892 seconds
Number of updated asset objects reloaded before import = 0
Number of asset objects unloaded after import = 12
========================================================================
Received Import Request.
  Time since last request: 0.000024 seconds.
  path: Assets/Gentleland/SteampunkUI/Prefabs/Frames/Frame 10.prefab
  artifactKey: Guid(c0ee180aaf63945408135b653d06d167) Importer(815301076,1909f56bfc062723c751e8b465ee728b)
Start importing Assets/Gentleland/SteampunkUI/Prefabs/Frames/Frame 10.prefab using Guid(c0ee180aaf63945408135b653d06d167) Importer(815301076,1909f56bfc062723c751e8b465ee728b)  -> (artifact id: '25b2f11ac6d1927381dffbd2bbf54241') in 0.025157 seconds
Number of updated asset objects reloaded before import = 0
Number of asset objects unloaded after import = 27
========================================================================
Received Import Request.
  Time since last request: 0.000029 seconds.
  path: Assets/Gentleland/SteampunkUI/Prefabs/Frames/Frame 5.prefab
  artifactKey: Guid(a34f6e06343a1784f8cac1e6308e0faa) Importer(815301076,1909f56bfc062723c751e8b465ee728b)
Start importing Assets/Gentleland/SteampunkUI/Prefabs/Frames/Frame 5.prefab using Guid(a34f6e06343a1784f8cac1e6308e0faa) Importer(815301076,1909f56bfc062723c751e8b465ee728b)  -> (artifact id: '58086385c0b566072b7d89fe7cd814a7') in 0.009767 seconds
Number of updated asset objects reloaded before import = 0
Number of asset objects unloaded after import = 12
========================================================================
Received Import Request.
  Time since last request: 0.000143 seconds.
  path: Assets/Gentleland/SteampunkUI/Prefabs/Frames/Frame 7.prefab
  artifactKey: Guid(c5a3ec7e81fdd1044aba081fa32bd61f) Importer(815301076,1909f56bfc062723c751e8b465ee728b)
Start importing Assets/Gentleland/SteampunkUI/Prefabs/Frames/Frame 7.prefab using Guid(c5a3ec7e81fdd1044aba081fa32bd61f) Importer(815301076,1909f56bfc062723c751e8b465ee728b)  -> (artifact id: 'e28f46a87ab31921f7d7a78ee5874aa8') in 0.012069 seconds
Number of updated asset objects reloaded before import = 0
Number of asset objects unloaded after import = 27
========================================================================
Received Import Request.
  Time since last request: 0.000027 seconds.
  path: Assets/Gentleland/SteampunkUI/Prefabs/Frames/Frame 11.prefab
  artifactKey: Guid(6c341c34553d73840942e4e0a71ed0b7) Importer(815301076,1909f56bfc062723c751e8b465ee728b)
Start importing Assets/Gentleland/SteampunkUI/Prefabs/Frames/Frame 11.prefab using Guid(6c341c34553d73840942e4e0a71ed0b7) Importer(815301076,1909f56bfc062723c751e8b465ee728b)  -> (artifact id: 'f89d3e8cf343e4af5b8212c2fdb91c6b') in 0.015081 seconds
Number of updated asset objects reloaded before import = 0
Number of asset objects unloaded after import = 32
========================================================================
Received Import Request.
  Time since last request: 0.000037 seconds.
  path: Assets/Gentleland/SteampunkUI/Prefabs/Frames/Frame 14.prefab
  artifactKey: Guid(943d7d7addcffd7489d5d318c3353418) Importer(815301076,1909f56bfc062723c751e8b465ee728b)
Start importing Assets/Gentleland/SteampunkUI/Prefabs/Frames/Frame 14.prefab using Guid(943d7d7addcffd7489d5d318c3353418) Importer(815301076,1909f56bfc062723c751e8b465ee728b)  -> (artifact id: '604d5a73d7c2c7d66cca63147f460dde') in 0.008956 seconds
Number of updated asset objects reloaded before import = 0
Number of asset objects unloaded after import = 12
========================================================================
Received Import Request.
  Time since last request: 0.000036 seconds.
  path: Assets/Gentleland/SteampunkUI/Prefabs/Frames/Frame 8.prefab
  artifactKey: Guid(dd01e54a3fef1dd46b9c2d5c30255f3e) Importer(815301076,1909f56bfc062723c751e8b465ee728b)
Start importing Assets/Gentleland/SteampunkUI/Prefabs/Frames/Frame 8.prefab using Guid(dd01e54a3fef1dd46b9c2d5c30255f3e) Importer(815301076,1909f56bfc062723c751e8b465ee728b)  -> (artifact id: '058119f1cc7643b50abadcf9f911658d') in 0.006106 seconds
Number of updated asset objects reloaded before import = 0
Number of asset objects unloaded after import = 12
========================================================================
Received Import Request.
  Time since last request: 6.978056 seconds.
  path: Assets/Gentleland/SteampunkUI/Art/Silhouette.png
  artifactKey: Guid(d766a6cd5770e2e46b1f924c5b3e9efc) Importer(815301076,1909f56bfc062723c751e8b465ee728b)
Start importing Assets/Gentleland/SteampunkUI/Art/Silhouette.png using Guid(d766a6cd5770e2e46b1f924c5b3e9efc) Importer(815301076,1909f56bfc062723c751e8b465ee728b)  -> (artifact id: '1233f29411b6dc1361f58b305f2a80da') in 0.602341 seconds
Number of updated asset objects reloaded before import = 0
Number of asset objects unloaded after import = 3
========================================================================
Received Import Request.
  Time since last request: 0.000055 seconds.
  path: Assets/Gentleland/SteampunkUI/Art/Steampunk_UI_gameplay_icons_2.png
  artifactKey: Guid(604f92c9fa27a544ab3997807313c644) Importer(815301076,1909f56bfc062723c751e8b465ee728b)
Start importing Assets/Gentleland/SteampunkUI/Art/Steampunk_UI_gameplay_icons_2.png using Guid(604f92c9fa27a544ab3997807313c644) Importer(815301076,1909f56bfc062723c751e8b465ee728b)  -> (artifact id: 'c8eb2fb86dce279a16fa1a36801424a1') in 0.175869 seconds
Number of updated asset objects reloaded before import = 0
Number of asset objects unloaded after import = 14
========================================================================
Received Import Request.
  Time since last request: 0.000047 seconds.
  path: Assets/Gentleland/SteampunkUI/Art/Steampunk_UI_Buttons_4.png
  artifactKey: Guid(6c99888295482c24a8e8bf9b1dc901bf) Importer(815301076,1909f56bfc062723c751e8b465ee728b)
Start importing Assets/Gentleland/SteampunkUI/Art/Steampunk_UI_Buttons_4.png using Guid(6c99888295482c24a8e8bf9b1dc901bf) Importer(815301076,1909f56bfc062723c751e8b465ee728b)  -> (artifact id: '691318f369f116c0efe5b913177d9bb2') in 0.075862 seconds
Number of updated asset objects reloaded before import = 0
Number of asset objects unloaded after import = 9
========================================================================
Received Import Request.
  Time since last request: 0.000062 seconds.
  path: Assets/Gentleland/SteampunkUI/Art/Steampunk_UI_Loading_Bars.png
  artifactKey: Guid(58d0e5bc2dd28434abcaaf94a4dfeec0) Importer(815301076,1909f56bfc062723c751e8b465ee728b)
Start importing Assets/Gentleland/SteampunkUI/Art/Steampunk_UI_Loading_Bars.png using Guid(58d0e5bc2dd28434abcaaf94a4dfeec0) Importer(815301076,1909f56bfc062723c751e8b465ee728b)  -> (artifact id: 'c3c87fcc6287961620427fbc7e5f972f') in 0.101346 seconds
Number of updated asset objects reloaded before import = 0
Number of asset objects unloaded after import = 13
========================================================================
Received Import Request.
  Time since last request: 0.000076 seconds.
  path: Assets/Gentleland/SteampunkUI/Art/Steampunk_UI_Alternative_Colors_1.png
  artifactKey: Guid(2dc12ad8908ff3047bb25165c5b3aee9) Importer(815301076,1909f56bfc062723c751e8b465ee728b)
Start importing Assets/Gentleland/SteampunkUI/Art/Steampunk_UI_Alternative_Colors_1.png using Guid(2dc12ad8908ff3047bb25165c5b3aee9) Importer(815301076,1909f56bfc062723c751e8b465ee728b)  -> (artifact id: '232860bc11af71b021bd73053da3006e') in 0.057863 seconds
Number of updated asset objects reloaded before import = 0
Number of asset objects unloaded after import = 9
========================================================================
Received Import Request.
  Time since last request: 0.000036 seconds.
  path: Assets/Gentleland/SteampunkUI/Art/Steampunk_UI_gameplay_icons_5.png
  artifactKey: Guid(a1b1758dd2955234783b01afa7fe3f5a) Importer(815301076,1909f56bfc062723c751e8b465ee728b)
Start importing Assets/Gentleland/SteampunkUI/Art/Steampunk_UI_gameplay_icons_5.png using Guid(a1b1758dd2955234783b01afa7fe3f5a) Importer(815301076,1909f56bfc062723c751e8b465ee728b)  -> (artifact id: '7d5358480951f9adb11b29ad6a0f6fb7') in 0.075655 seconds
Number of updated asset objects reloaded before import = 0
Number of asset objects unloaded after import = 14
========================================================================
Received Import Request.
  Time since last request: 0.000083 seconds.
  path: Assets/Gentleland/SteampunkUI/Art/Steampunk_UI_Alternative_Colors_4.png
  artifactKey: Guid(fc2c96f1421fbe54e82922ae89afef74) Importer(815301076,1909f56bfc062723c751e8b465ee728b)
Start importing Assets/Gentleland/SteampunkUI/Art/Steampunk_UI_Alternative_Colors_4.png using Guid(fc2c96f1421fbe54e82922ae89afef74) Importer(815301076,1909f56bfc062723c751e8b465ee728b)  -> (artifact id: '219461174bb255c89d31e164a7718659') in 0.078599 seconds
Number of updated asset objects reloaded before import = 0
Number of asset objects unloaded after import = 13
========================================================================
Received Import Request.
  Time since last request: 0.000029 seconds.
  path: Assets/Gentleland/SteampunkUI/Art/Steampunk_UI_settings_icons.png
  artifactKey: Guid(e0018e123761e344bb79ca44447aa41e) Importer(815301076,1909f56bfc062723c751e8b465ee728b)
Start importing Assets/Gentleland/SteampunkUI/Art/Steampunk_UI_settings_icons.png using Guid(e0018e123761e344bb79ca44447aa41e) Importer(815301076,1909f56bfc062723c751e8b465ee728b)  -> (artifact id: '299a84b4ede87a7feca711bbcdcc0f4c') in 0.116543 seconds
Number of updated asset objects reloaded before import = 0
Number of asset objects unloaded after import = 22
========================================================================
Received Import Request.
  Time since last request: 0.000103 seconds.
  path: Assets/Gentleland/SteampunkUI/Art/Steampunk_UI_gameplay_icons_4.png
  artifactKey: Guid(a15945b5646387a4c8b90129c87a53dc) Importer(815301076,1909f56bfc062723c751e8b465ee728b)
Start importing Assets/Gentleland/SteampunkUI/Art/Steampunk_UI_gameplay_icons_4.png using Guid(a15945b5646387a4c8b90129c87a53dc) Importer(815301076,1909f56bfc062723c751e8b465ee728b)  -> (artifact id: 'c7e5549d23662b9d33634de451644886') in 0.119846 seconds
Number of updated asset objects reloaded before import = 0
Number of asset objects unloaded after import = 18
========================================================================
Received Import Request.
  Time since last request: 0.000040 seconds.
  path: Assets/Gentleland/SteampunkUI/Art/Steampunk_UI_Dialogue_3.png
  artifactKey: Guid(44a8b76b70d48db4aa2dcac3eb64eb88) Importer(815301076,1909f56bfc062723c751e8b465ee728b)
Start importing Assets/Gentleland/SteampunkUI/Art/Steampunk_UI_Dialogue_3.png using Guid(44a8b76b70d48db4aa2dcac3eb64eb88) Importer(815301076,1909f56bfc062723c751e8b465ee728b)  -> (artifact id: 'bc9ff706cd47f88b87a193944e30be21') in 0.049002 seconds
Number of updated asset objects reloaded before import = 0
Number of asset objects unloaded after import = 8
========================================================================
Received Import Request.
  Time since last request: 0.000072 seconds.
  path: Assets/Gentleland/SteampunkUI/Art/Steampunk_UI_Buttons_5.png
  artifactKey: Guid(67417fc099c9e8043b03895065b4b888) Importer(815301076,1909f56bfc062723c751e8b465ee728b)
Start importing Assets/Gentleland/SteampunkUI/Art/Steampunk_UI_Buttons_5.png using Guid(67417fc099c9e8043b03895065b4b888) Importer(815301076,1909f56bfc062723c751e8b465ee728b)  -> (artifact id: '1e3eb53e599948be20f20b6274610cda') in 0.054661 seconds
Number of updated asset objects reloaded before import = 0
Number of asset objects unloaded after import = 9
========================================================================
Received Import Request.
  Time since last request: 0.000602 seconds.
  path: Assets/Gentleland/SteampunkUI/Art/Steampunk_UI_Buttons_1.png
  artifactKey: Guid(9291b39306d4ce640bf255c16c6ddf5b) Importer(815301076,1909f56bfc062723c751e8b465ee728b)
Start importing Assets/Gentleland/SteampunkUI/Art/Steampunk_UI_Buttons_1.png using Guid(9291b39306d4ce640bf255c16c6ddf5b) Importer(815301076,1909f56bfc062723c751e8b465ee728b)  -> (artifact id: '0546bcc5c33293b70020370b0f4ed72a') in 0.105368 seconds
Number of updated asset objects reloaded before import = 0
Number of asset objects unloaded after import = 18
========================================================================
Received Import Request.
  Time since last request: 0.000050 seconds.
  path: Assets/Gentleland/SteampunkUI/Art/Steampunk_UI_gameplay_icons_1.png
  artifactKey: Guid(b77342e1883ccd94983f6bd49ddd47a5) Importer(815301076,1909f56bfc062723c751e8b465ee728b)
Start importing Assets/Gentleland/SteampunkUI/Art/Steampunk_UI_gameplay_icons_1.png using Guid(b77342e1883ccd94983f6bd49ddd47a5) Importer(815301076,1909f56bfc062723c751e8b465ee728b)  -> (artifact id: '2990ac5968b5f0942cf3ac503d33f2f0') in 0.186995 seconds
Number of updated asset objects reloaded before import = 0
Number of asset objects unloaded after import = 38
========================================================================
Received Import Request.
  Time since last request: 0.000041 seconds.
  path: Assets/Gentleland/SteampunkUI/Art/Steampunk_UI_Slots_Arrows.png
  artifactKey: Guid(4d6d3e529a32a4141bbac8264745777d) Importer(815301076,1909f56bfc062723c751e8b465ee728b)
Start importing Assets/Gentleland/SteampunkUI/Art/Steampunk_UI_Slots_Arrows.png using Guid(4d6d3e529a32a4141bbac8264745777d) Importer(815301076,1909f56bfc062723c751e8b465ee728b)  -> (artifact id: '3a4c353eac848e550a8e16de72184bcf') in 0.148212 seconds
Number of updated asset objects reloaded before import = 0
Number of asset objects unloaded after import = 21
========================================================================
Received Import Request.
  Time since last request: 0.000056 seconds.
  path: Assets/Gentleland/SteampunkUI/Art/Steampunk_UI_Frames_3.png
  artifactKey: Guid(c3cbd015370c5294385a8d880c234850) Importer(815301076,1909f56bfc062723c751e8b465ee728b)
Start importing Assets/Gentleland/SteampunkUI/Art/Steampunk_UI_Frames_3.png using Guid(c3cbd015370c5294385a8d880c234850) Importer(815301076,1909f56bfc062723c751e8b465ee728b)  -> (artifact id: '00abe78a0e12ef4077e0ef98944f92fa') in 0.058134 seconds
Number of updated asset objects reloaded before import = 0
Number of asset objects unloaded after import = 9
========================================================================
Received Import Request.
  Time since last request: 773.635300 seconds.
  path: Assets/karsiori/Sprites/Pixel Art Key Pack - Animated/Key 2/GOLD/Key 2 - GOLD - 0002.png
  artifactKey: Guid(1d3c176ce59ba0d46b6c7b02b01ce7d5) Importer(815301076,1909f56bfc062723c751e8b465ee728b)
Start importing Assets/karsiori/Sprites/Pixel Art Key Pack - Animated/Key 2/GOLD/Key 2 - GOLD - 0002.png using Guid(1d3c176ce59ba0d46b6c7b02b01ce7d5) Importer(815301076,1909f56bfc062723c751e8b465ee728b)  -> (artifact id: 'f9c522629c219c51018cdd735901a44f') in 0.230004 seconds
Number of updated asset objects reloaded before import = 0
Number of asset objects unloaded after import = 3
========================================================================
Received Import Request.
  Time since last request: 0.000124 seconds.
  path: Assets/karsiori/Sprites/Pixel Art Key Pack - Animated/Key 2/GOLD/Key 2 - GOLD - 0011.png
  artifactKey: Guid(6152e247a1877ef4ba0e1c45553f82ef) Importer(815301076,1909f56bfc062723c751e8b465ee728b)
Start importing Assets/karsiori/Sprites/Pixel Art Key Pack - Animated/Key 2/GOLD/Key 2 - GOLD - 0011.png using Guid(6152e247a1877ef4ba0e1c45553f82ef) Importer(815301076,1909f56bfc062723c751e8b465ee728b)  -> (artifact id: '3e61a46bd78f754dff1fbedeff159087') in 0.035440 seconds
Number of updated asset objects reloaded before import = 0
Number of asset objects unloaded after import = 3
========================================================================
Received Import Request.
  Time since last request: 0.000045 seconds.
  path: Assets/karsiori/Sprites/Pixel Art Key Pack - Animated/Key 2/GOLD/Key 2 - GOLD - 0007.png
  artifactKey: Guid(61f41b1988ec8254a8d3f16dcc225f8a) Importer(815301076,1909f56bfc062723c751e8b465ee728b)
Start importing Assets/karsiori/Sprites/Pixel Art Key Pack - Animated/Key 2/GOLD/Key 2 - GOLD - 0007.png using Guid(61f41b1988ec8254a8d3f16dcc225f8a) Importer(815301076,1909f56bfc062723c751e8b465ee728b)  -> (artifact id: '111edbb7a4d2a4ec79a86535c244b3a4') in 0.024366 seconds
Number of updated asset objects reloaded before import = 0
Number of asset objects unloaded after import = 3
========================================================================
Received Import Request.
  Time since last request: 0.000030 seconds.
  path: Assets/karsiori/Sprites/Pixel Art Key Pack - Animated/Key 2/GREY/Key 2 - GREY - 0000.png
  artifactKey: Guid(00f0755a3a0ee0145a64cebbfcecc1f8) Importer(815301076,1909f56bfc062723c751e8b465ee728b)
Start importing Assets/karsiori/Sprites/Pixel Art Key Pack - Animated/Key 2/GREY/Key 2 - GREY - 0000.png using Guid(00f0755a3a0ee0145a64cebbfcecc1f8) Importer(815301076,1909f56bfc062723c751e8b465ee728b)  -> (artifact id: '07fbd260a83116d3488a1bc2e237b717') in 0.022360 seconds
Number of updated asset objects reloaded before import = 0
Number of asset objects unloaded after import = 3
========================================================================
Received Import Request.
  Time since last request: 0.000030 seconds.
  path: Assets/karsiori/Sprites/Pixel Art Key Pack - Animated/Key 2/GREY/Key 2 - GREY - 0006.png
  artifactKey: Guid(9dd713eb7af23f446ba3b412ac9aae7b) Importer(815301076,1909f56bfc062723c751e8b465ee728b)
Start importing Assets/karsiori/Sprites/Pixel Art Key Pack - Animated/Key 2/GREY/Key 2 - GREY - 0006.png using Guid(9dd713eb7af23f446ba3b412ac9aae7b) Importer(815301076,1909f56bfc062723c751e8b465ee728b)  -> (artifact id: 'ab5d8ab7c7f2f3deb89833e5cbcc5d60') in 0.023272 seconds
Number of updated asset objects reloaded before import = 0
Number of asset objects unloaded after import = 3
========================================================================
Received Import Request.
  Time since last request: 0.000025 seconds.
  path: Assets/karsiori/Sprites/Pixel Art Key Pack - Animated/Key 2/SILVER/Key 2 - SILVER - 0001.png
  artifactKey: Guid(df3dd4e026bcd724b9e19c6a308c4b56) Importer(815301076,1909f56bfc062723c751e8b465ee728b)
Start importing Assets/karsiori/Sprites/Pixel Art Key Pack - Animated/Key 2/SILVER/Key 2 - SILVER - 0001.png using Guid(df3dd4e026bcd724b9e19c6a308c4b56) Importer(815301076,1909f56bfc062723c751e8b465ee728b)  -> (artifact id: 'efc8c1f416b25263302232f6489a433f') in 0.024199 seconds
Number of updated asset objects reloaded before import = 0
Number of asset objects unloaded after import = 3
========================================================================
Received Import Request.
  Time since last request: 0.000033 seconds.
  path: Assets/karsiori/Sprites/Pixel Art Key Pack - Animated/Key 2/GREY/Key 2 - GREY - 0011.png
  artifactKey: Guid(3a72326499f705f4ca35f431d33b5fdf) Importer(815301076,1909f56bfc062723c751e8b465ee728b)
Start importing Assets/karsiori/Sprites/Pixel Art Key Pack - Animated/Key 2/GREY/Key 2 - GREY - 0011.png using Guid(3a72326499f705f4ca35f431d33b5fdf) Importer(815301076,1909f56bfc062723c751e8b465ee728b)  -> (artifact id: '3d596efca556fea6fee028299bdad708') in 0.026094 seconds
Number of updated asset objects reloaded before import = 0
Number of asset objects unloaded after import = 3
========================================================================
Received Import Request.
  Time since last request: 0.000027 seconds.
  path: Assets/karsiori/Sprites/Pixel Art Key Pack - Animated/Key 2/GREY/Key 2 - GREY - 0009.png
  artifactKey: Guid(853b6f01b86a07044a6de956cd435550) Importer(815301076,1909f56bfc062723c751e8b465ee728b)
Start importing Assets/karsiori/Sprites/Pixel Art Key Pack - Animated/Key 2/GREY/Key 2 - GREY - 0009.png using Guid(853b6f01b86a07044a6de956cd435550) Importer(815301076,1909f56bfc062723c751e8b465ee728b)  -> (artifact id: 'aa08112232926d8bb3071471ff6045fe') in 0.019625 seconds
Number of updated asset objects reloaded before import = 0
Number of asset objects unloaded after import = 3
========================================================================
Received Import Request.
  Time since last request: 0.000525 seconds.
  path: Assets/karsiori/Sprites/Pixel Art Key Pack - Animated/Key 2/GOLD/Key 2 - GOLD - 0005.png
  artifactKey: Guid(f389679750489b04084bcf504af573c8) Importer(815301076,1909f56bfc062723c751e8b465ee728b)
Start importing Assets/karsiori/Sprites/Pixel Art Key Pack - Animated/Key 2/GOLD/Key 2 - GOLD - 0005.png using Guid(f389679750489b04084bcf504af573c8) Importer(815301076,1909f56bfc062723c751e8b465ee728b)  -> (artifact id: 'cae8fbe281bc07e12cbdf8b7ca67456e') in 0.022555 seconds
Number of updated asset objects reloaded before import = 0
Number of asset objects unloaded after import = 3
========================================================================
Received Import Request.
  Time since last request: 0.000073 seconds.
  path: Assets/karsiori/Sprites/Pixel Art Key Pack - Animated/Key 2/GOLD/Key 2 - GOLD - 0008.png
  artifactKey: Guid(ed8f927078e30d645b3d42630dd89574) Importer(815301076,1909f56bfc062723c751e8b465ee728b)
Start importing Assets/karsiori/Sprites/Pixel Art Key Pack - Animated/Key 2/GOLD/Key 2 - GOLD - 0008.png using Guid(ed8f927078e30d645b3d42630dd89574) Importer(815301076,1909f56bfc062723c751e8b465ee728b)  -> (artifact id: '2c78d3130fb385a10c1209cce9323275') in 0.018960 seconds
Number of updated asset objects reloaded before import = 0
Number of asset objects unloaded after import = 3
========================================================================
Received Import Request.
  Time since last request: 0.000046 seconds.
  path: Assets/karsiori/Sprites/Pixel Art Key Pack - Animated/Key 2/GREY/Key 2 - GREY - 0004.png
  artifactKey: Guid(21703737646ac5e4ca500209e914e6ea) Importer(815301076,1909f56bfc062723c751e8b465ee728b)
Start importing Assets/karsiori/Sprites/Pixel Art Key Pack - Animated/Key 2/GREY/Key 2 - GREY - 0004.png using Guid(21703737646ac5e4ca500209e914e6ea) Importer(815301076,1909f56bfc062723c751e8b465ee728b)  -> (artifact id: '790c76d3079c961d1a754ea28404ec35') in 0.020858 seconds
Number of updated asset objects reloaded before import = 0
Number of asset objects unloaded after import = 3
Editor requested this worker to shutdown with reason: Scaling down because of idle timeout
TcpMessagingSession - receive error: operation aborted. errorcode: 995, details: A operao de E/S foi anulada devido a uma sada de thread ou a uma requisio de aplicativo.
AssetImportWorker is now disconnected from the server
Process exiting
Exiting without the bug reporter. Application will terminate with return code 0